#
# There is insufficient memory for the Java Runtime Environment to continue.
# Native memory allocation (mmap) failed to map 121634816 bytes for G1 virtual space
# Possible reasons:
#   The system is out of physical RAM or swap space
#   The process is running with CompressedOops enabled, and the Java Heap may be blocking the growth of the native heap
# Possible solutions:
#   Reduce memory load on the system
#   Increase physical memory or swap space
#   Check if swap backing store is full
#   Decrease Java heap size (-Xmx/-Xms)
#   Decrease number of Java threads
#   Decrease Java thread stack sizes (-Xss)
#   Set larger code cache with -XX:ReservedCodeCacheSize=
#   JVM is running with Zero Based Compressed Oops mode in which the Java heap is
#     placed in the first 32GB address space. The Java Heap base address is the
#     maximum limit for the native heap growth. Please use -XX:HeapBaseMinAddress
#     to set the Java Heap base and to place the Java Heap above 32GB virtual address.
# This output file may be truncated or incomplete.
#
#  Out of Memory Error (os_windows.cpp:3617), pid=24192, tid=31540
#
# JRE version: OpenJDK Runtime Environment Temurin-17.0.8+7 (17.0.8+7) (build 17.0.8+7)
# Java VM: OpenJDK 64-Bit Server VM Temurin-17.0.8+7 (17.0.8+7, mixed mode, sharing, tiered, compressed oops, compressed class ptrs, g1 gc, windows-amd64)
# No core dump will be written. Minidumps are not enabled by default on client versions of Windows
#

---------------  S U M M A R Y ------------

Command Line: --add-opens=java.base/java.lang=ALL-UNNAMED --add-opens=java.base/java.lang.invoke=ALL-UNNAMED --add-opens=java.base/java.util=ALL-UNNAMED --add-opens=java.prefs/java.util.prefs=ALL-UNNAMED --add-exports=jdk.compiler/com.sun.tools.javac.api=ALL-UNNAMED --add-exports=jdk.compiler/com.sun.tools.javac.util=ALL-UNNAMED --add-opens=java.base/java.util=ALL-UNNAMED --add-opens=java.prefs/java.util.prefs=ALL-UNNAMED --add-opens=java.base/java.nio.charset=ALL-UNNAMED --add-opens=java.base/java.net=ALL-UNNAMED --add-opens=java.base/java.util.concurrent.atomic=ALL-UNNAMED --add-opens=java.xml/javax.xml.namespace=ALL-UNNAMED -Xmx4608m -Dfile.encoding=UTF-8 -Duser.country=IN -Duser.language=en -Duser.variant -javaagent:C:\Users\Nikhi\.gradle\wrapper\dists\gradle-8.11.1-bin\bpt9gzteqjrbo1mjrsomdt32c\gradle-8.11.1\lib\agents\gradle-instrumentation-agent-8.11.1.jar org.gradle.launcher.daemon.bootstrap.GradleDaemon 8.11.1

Host: 11th Gen Intel(R) Core(TM) i5-11400H @ 2.70GHz, 12 cores, 15G,  Windows 11 , 64 bit Build 26100 (10.0.26100.4202)
Time: Sun Jun 22 19:36:04 2025 India Standard Time elapsed time: 35.389622 seconds (0d 0h 0m 35s)

---------------  T H R E A D  ---------------

Current thread (0x000002567eb4e560):  VMThread "VM Thread" [stack: 0x000000c0bf600000,0x000000c0bf700000] [id=31540]

Stack: [0x000000c0bf600000,0x000000c0bf700000]
Native frames: (J=compiled Java code, j=interpreted, Vv=VM code, C=native code)
V  [jvm.dll+0x678b0a]
V  [jvm.dll+0x835e84]
V  [jvm.dll+0x83762e]
V  [jvm.dll+0x837c93]
V  [jvm.dll+0x24746f]
V  [jvm.dll+0x675859]
V  [jvm.dll+0x66a0ea]
V  [jvm.dll+0x306c7b]
V  [jvm.dll+0x30e166]
V  [jvm.dll+0x35dd3e]
V  [jvm.dll+0x35df6f]
V  [jvm.dll+0x2ddb48]
V  [jvm.dll+0x2dbd0c]
V  [jvm.dll+0x2db2dc]
V  [jvm.dll+0x31f4b1]
V  [jvm.dll+0x83c15b]
V  [jvm.dll+0x83ce94]
V  [jvm.dll+0x83d3ac]
V  [jvm.dll+0x83d784]
V  [jvm.dll+0x83d850]
V  [jvm.dll+0x7e64ca]
V  [jvm.dll+0x677955]
C  [ucrtbase.dll+0x37b0]
C  [KERNEL32.DLL+0x2e8d7]
C  [ntdll.dll+0x3c34c]

VM_Operation (0x000000c0c0ef49e0): G1TryInitiateConcMark, mode: safepoint, requested by thread 0x0000025668936330


---------------  P R O C E S S  ---------------

Threads class SMR info:
_java_thread_list=0x000002566b83f050, length=69, elements={
0x000002567a1825c0, 0x000002567eb53e10, 0x000002567eb548e0, 0x000002567eb69fe0,
0x000002567eb6a8b0, 0x000002567eb6b790, 0x000002567eb6c060, 0x000002567eb6cc60,
0x000002567eb7f1b0, 0x000002567eb87ee0, 0x000002567eb41120, 0x0000025621d66c90,
0x000002566733bd60, 0x0000025621c44650, 0x00000256675e8ee0, 0x0000025667e950d0,
0x0000025667e83940, 0x0000025668933090, 0x0000025668936330, 0x00000256689344d0,
0x0000025668935910, 0x00000256689335a0, 0x0000025668934ef0, 0x0000025668936840,
0x0000025668933fc0, 0x0000025668933ab0, 0x00000256689349e0, 0x0000025668935e20,
0x0000025668935400, 0x000002566a0fd980, 0x000002566a100200, 0x000002566a0ffcf0,
0x000002566a0ff7e0, 0x000002566a0fd470, 0x000002566a100710, 0x000002566a101b50,
0x000002566a0fe8b0, 0x000002566a102570, 0x000002566a102a80, 0x000002566a0ff2d0,
0x000002566a102f90, 0x000002566a1043d0, 0x000002566a1034a0, 0x000002566a1039b0,
0x000002566a103ec0, 0x000002566a100c20, 0x00000256691373a0, 0x00000256691382d0,
0x00000256691387e0, 0x0000025669136980, 0x0000025669135540, 0x0000025669135a50,
0x0000025669139200, 0x0000025669137dc0, 0x0000025669139710, 0x0000025669135f60,
0x0000025669139c20, 0x0000025669136470, 0x000002566913a640, 0x00000256691378b0,
0x000002566913a130, 0x0000025669136e90, 0x000002566913ab50, 0x000002566913b060,
0x000002566913b570, 0x000002566913ba80, 0x000002566913bf90, 0x000002566913cec0,
0x000002566913c9b0
}

Java Threads: ( => current thread )
  0x000002567a1825c0 JavaThread "main" [_thread_blocked, id=32832, stack(0x000000c0bf000000,0x000000c0bf100000)]
  0x000002567eb53e10 JavaThread "Reference Handler" daemon [_thread_blocked, id=20612, stack(0x000000c0bf700000,0x000000c0bf800000)]
  0x000002567eb548e0 JavaThread "Finalizer" daemon [_thread_blocked, id=9064, stack(0x000000c0bf800000,0x000000c0bf900000)]
  0x000002567eb69fe0 JavaThread "Signal Dispatcher" daemon [_thread_blocked, id=30076, stack(0x000000c0bf900000,0x000000c0bfa00000)]
  0x000002567eb6a8b0 JavaThread "Attach Listener" daemon [_thread_blocked, id=34624, stack(0x000000c0bfa00000,0x000000c0bfb00000)]
  0x000002567eb6b790 JavaThread "Service Thread" daemon [_thread_blocked, id=31916, stack(0x000000c0bfb00000,0x000000c0bfc00000)]
  0x000002567eb6c060 JavaThread "Monitor Deflation Thread" daemon [_thread_blocked, id=21640, stack(0x000000c0bfc00000,0x000000c0bfd00000)]
  0x000002567eb6cc60 JavaThread "C2 CompilerThread0" daemon [_thread_blocked, id=20088, stack(0x000000c0bfd00000,0x000000c0bfe00000)]
  0x000002567eb7f1b0 JavaThread "C1 CompilerThread0" daemon [_thread_blocked, id=3084, stack(0x000000c0bfe00000,0x000000c0bff00000)]
  0x000002567eb87ee0 JavaThread "Sweeper thread" daemon [_thread_blocked, id=33056, stack(0x000000c0bff00000,0x000000c0c0000000)]
  0x000002567eb41120 JavaThread "Common-Cleaner" daemon [_thread_blocked, id=33480, stack(0x000000c0c0000000,0x000000c0c0100000)]
  0x0000025621d66c90 JavaThread "Notification Thread" daemon [_thread_blocked, id=23228, stack(0x000000c0c0100000,0x000000c0c0200000)]
  0x000002566733bd60 JavaThread "Daemon health stats" [_thread_blocked, id=7956, stack(0x000000c0c0300000,0x000000c0c0400000)]
  0x0000025621c44650 JavaThread "Incoming local TCP Connector on port 49212" [_thread_in_native, id=22216, stack(0x000000c0c0400000,0x000000c0c0500000)]
  0x00000256675e8ee0 JavaThread "Daemon periodic checks" [_thread_blocked, id=27956, stack(0x000000c0c0a00000,0x000000c0c0b00000)]
  0x0000025667e950d0 JavaThread "Daemon" [_thread_blocked, id=30192, stack(0x000000c0c0b00000,0x000000c0c0c00000)]
  0x0000025667e83940 JavaThread "Handler for socket connection from /127.0.0.1:49212 to /127.0.0.1:49214" [_thread_in_native, id=32660, stack(0x000000c0c0c00000,0x000000c0c0d00000)]
  0x0000025668933090 JavaThread "Cancel handler" [_thread_blocked, id=3676, stack(0x000000c0c0d00000,0x000000c0c0e00000)]
  0x0000025668936330 JavaThread "Daemon worker" [_thread_blocked, id=12320, stack(0x000000c0c0e00000,0x000000c0c0f00000)]
  0x00000256689344d0 JavaThread "Asynchronous log dispatcher for DefaultDaemonConnection: socket connection from /127.0.0.1:49212 to /127.0.0.1:49214" [_thread_blocked, id=9760, stack(0x000000c0c0f00000,0x000000c0c1000000)]
  0x0000025668935910 JavaThread "Stdin handler" [_thread_blocked, id=25760, stack(0x000000c0c1000000,0x000000c0c1100000)]
  0x00000256689335a0 JavaThread "Daemon client event forwarder" [_thread_blocked, id=20704, stack(0x000000c0c1100000,0x000000c0c1200000)]
  0x0000025668934ef0 JavaThread "Cache worker for journal cache (C:\Users\Nikhi\.gradle\caches\journal-1)" [_thread_blocked, id=24292, stack(0x000000c0c1300000,0x000000c0c1400000)]
  0x0000025668936840 JavaThread "File lock request listener" [_thread_in_native, id=31024, stack(0x000000c0c1400000,0x000000c0c1500000)]
  0x0000025668933fc0 JavaThread "Cache worker for file hash cache (C:\Users\Nikhi\.gradle\caches\8.11.1\fileHashes)" [_thread_blocked, id=9172, stack(0x000000c0c1200000,0x000000c0c1300000)]
  0x0000025668933ab0 JavaThread "File lock release action executor" [_thread_blocked, id=30204, stack(0x000000c0c1500000,0x000000c0c1600000)]
  0x00000256689349e0 JavaThread "Cache worker for file content cache (C:\Users\Nikhi\.gradle\caches\8.11.1\fileContent)" [_thread_blocked, id=12504, stack(0x000000c0c1800000,0x000000c0c1900000)]
  0x0000025668935e20 JavaThread "Cache worker for file hash cache (E:\Hideout\Android Projects\BookHub\.gradle\8.11.1\fileHashes)" [_thread_blocked, id=26724, stack(0x000000c0c1900000,0x000000c0c1a00000)]
  0x0000025668935400 JavaThread "Cache worker for Build Output Cleanup Cache (E:\Hideout\Android Projects\BookHub\.gradle\buildOutputCleanup)" [_thread_blocked, id=12196, stack(0x000000c0c1a00000,0x000000c0c1b00000)]
  0x000002566a0fd980 JavaThread "File watcher server" daemon [_thread_in_native, id=27748, stack(0x000000c0c1700000,0x000000c0c1800000)]
  0x000002566a100200 JavaThread "File watcher consumer" daemon [_thread_blocked, id=30188, stack(0x000000c0c2100000,0x000000c0c2200000)]
  0x000002566a0ffcf0 JavaThread "Cache worker for checksums cache (E:\Hideout\Android Projects\BookHub\.gradle\8.11.1\checksums)" [_thread_blocked, id=32512, stack(0x000000c0c2200000,0x000000c0c2300000)]
  0x000002566a0ff7e0 JavaThread "Cache worker for cache directory md-rule (C:\Users\Nikhi\.gradle\caches\8.11.1\md-rule)" [_thread_blocked, id=15616, stack(0x000000c0c2300000,0x000000c0c2400000)]
  0x000002566a0fd470 JavaThread "Cache worker for cache directory md-supplier (C:\Users\Nikhi\.gradle\caches\8.11.1\md-supplier)" [_thread_blocked, id=28564, stack(0x000000c0c2400000,0x000000c0c2500000)]
  0x000002566a100710 JavaThread "jar transforms" [_thread_blocked, id=33432, stack(0x000000c0c2900000,0x000000c0c2a00000)]
  0x000002566a101b50 JavaThread "jar transforms Thread 2" [_thread_blocked, id=5652, stack(0x000000c0c2800000,0x000000c0c2900000)]
  0x000002566a0fe8b0 JavaThread "Unconstrained build operations" [_thread_blocked, id=25448, stack(0x000000c0c2a00000,0x000000c0c2b00000)]
  0x000002566a102570 JavaThread "Unconstrained build operations Thread 2" [_thread_blocked, id=33840, stack(0x000000c0c2b00000,0x000000c0c2c00000)]
  0x000002566a102a80 JavaThread "Unconstrained build operations Thread 3" [_thread_blocked, id=21556, stack(0x000000c0c2c00000,0x000000c0c2d00000)]
  0x000002566a0ff2d0 JavaThread "Unconstrained build operations Thread 4" [_thread_blocked, id=31932, stack(0x000000c0c2d00000,0x000000c0c2e00000)]
  0x000002566a102f90 JavaThread "Unconstrained build operations Thread 5" [_thread_blocked, id=17176, stack(0x000000c0c2e00000,0x000000c0c2f00000)]
  0x000002566a1043d0 JavaThread "Unconstrained build operations Thread 6" [_thread_blocked, id=28880, stack(0x000000c0c2f00000,0x000000c0c3000000)]
  0x000002566a1034a0 JavaThread "Unconstrained build operations Thread 7" [_thread_blocked, id=33124, stack(0x000000c0c3000000,0x000000c0c3100000)]
  0x000002566a1039b0 JavaThread "Unconstrained build operations Thread 8" [_thread_blocked, id=26888, stack(0x000000c0c3100000,0x000000c0c3200000)]
  0x000002566a103ec0 JavaThread "Unconstrained build operations Thread 9" [_thread_blocked, id=30956, stack(0x000000c0c3200000,0x000000c0c3300000)]
  0x000002566a100c20 JavaThread "Unconstrained build operations Thread 10" [_thread_blocked, id=22732, stack(0x000000c0c3300000,0x000000c0c3400000)]
  0x00000256691373a0 JavaThread "Unconstrained build operations Thread 11" [_thread_blocked, id=25548, stack(0x000000c0c3400000,0x000000c0c3500000)]
  0x00000256691382d0 JavaThread "Unconstrained build operations Thread 12" [_thread_blocked, id=9860, stack(0x000000c0c3500000,0x000000c0c3600000)]
  0x00000256691387e0 JavaThread "Unconstrained build operations Thread 13" [_thread_blocked, id=2692, stack(0x000000c0c3600000,0x000000c0c3700000)]
  0x0000025669136980 JavaThread "Unconstrained build operations Thread 14" [_thread_blocked, id=4180, stack(0x000000c0c3700000,0x000000c0c3800000)]
  0x0000025669135540 JavaThread "Unconstrained build operations Thread 15" [_thread_blocked, id=31128, stack(0x000000c0c3800000,0x000000c0c3900000)]
  0x0000025669135a50 JavaThread "Unconstrained build operations Thread 16" [_thread_blocked, id=16080, stack(0x000000c0c3900000,0x000000c0c3a00000)]
  0x0000025669139200 JavaThread "Unconstrained build operations Thread 17" [_thread_blocked, id=25476, stack(0x000000c0c3a00000,0x000000c0c3b00000)]
  0x0000025669137dc0 JavaThread "Unconstrained build operations Thread 18" [_thread_blocked, id=15592, stack(0x000000c0c3b00000,0x000000c0c3c00000)]
  0x0000025669139710 JavaThread "Unconstrained build operations Thread 19" [_thread_blocked, id=29708, stack(0x000000c0c3c00000,0x000000c0c3d00000)]
  0x0000025669135f60 JavaThread "Unconstrained build operations Thread 20" [_thread_blocked, id=26364, stack(0x000000c0c3d00000,0x000000c0c3e00000)]
  0x0000025669139c20 JavaThread "Unconstrained build operations Thread 21" [_thread_blocked, id=3348, stack(0x000000c0c3e00000,0x000000c0c3f00000)]
  0x0000025669136470 JavaThread "Unconstrained build operations Thread 22" [_thread_blocked, id=25816, stack(0x000000c0c3f00000,0x000000c0c4000000)]
  0x000002566913a640 JavaThread "Unconstrained build operations Thread 23" [_thread_blocked, id=13932, stack(0x000000c0c4100000,0x000000c0c4200000)]
  0x00000256691378b0 JavaThread "Unconstrained build operations Thread 24" [_thread_blocked, id=26632, stack(0x000000c0c4200000,0x000000c0c4300000)]
  0x000002566913a130 JavaThread "Unconstrained build operations Thread 25" [_thread_blocked, id=33580, stack(0x000000c0c4300000,0x000000c0c4400000)]
  0x0000025669136e90 JavaThread "Unconstrained build operations Thread 26" [_thread_blocked, id=32712, stack(0x000000c0c4400000,0x000000c0c4500000)]
  0x000002566913ab50 JavaThread "Unconstrained build operations Thread 27" [_thread_blocked, id=34488, stack(0x000000c0c4500000,0x000000c0c4600000)]
  0x000002566913b060 JavaThread "Unconstrained build operations Thread 28" [_thread_blocked, id=7160, stack(0x000000c0c4600000,0x000000c0c4700000)]
  0x000002566913b570 JavaThread "Unconstrained build operations Thread 29" [_thread_blocked, id=25824, stack(0x000000c0c4700000,0x000000c0c4800000)]
  0x000002566913ba80 JavaThread "Unconstrained build operations Thread 30" [_thread_blocked, id=33748, stack(0x000000c0c4800000,0x000000c0c4900000)]
  0x000002566913bf90 JavaThread "Unconstrained build operations Thread 31" [_thread_blocked, id=18936, stack(0x000000c0c4900000,0x000000c0c4a00000)]
  0x000002566913cec0 JavaThread "Unconstrained build operations Thread 32" [_thread_blocked, id=11712, stack(0x000000c0c4a00000,0x000000c0c4b00000)]
  0x000002566913c9b0 JavaThread "Unconstrained build operations Thread 33" [_thread_blocked, id=24836, stack(0x000000c0c4b00000,0x000000c0c4c00000)]

Other Threads:
=>0x000002567eb4e560 VMThread "VM Thread" [stack: 0x000000c0bf600000,0x000000c0bf700000] [id=31540]
  0x000002567a204b40 WatcherThread [stack: 0x000000c0c0200000,0x000000c0c0300000] [id=11272]
  0x000002567a1f1f00 GCTaskThread "GC Thread#0" [stack: 0x000000c0bf100000,0x000000c0bf200000] [id=20216]
  0x00000256674a4880 GCTaskThread "GC Thread#1" [stack: 0x000000c0c0500000,0x000000c0c0600000] [id=20748]
  0x0000025621da44e0 GCTaskThread "GC Thread#2" [stack: 0x000000c0c0600000,0x000000c0c0700000] [id=27788]
  0x00000256670c3fa0 GCTaskThread "GC Thread#3" [stack: 0x000000c0c0700000,0x000000c0c0800000] [id=33536]
  0x00000256670c4260 GCTaskThread "GC Thread#4" [stack: 0x000000c0c0800000,0x000000c0c0900000] [id=23852]
  0x0000025667340910 GCTaskThread "GC Thread#5" [stack: 0x000000c0c0900000,0x000000c0c0a00000] [id=29784]
  0x000002566b70bc80 GCTaskThread "GC Thread#6" [stack: 0x000000c0c1b00000,0x000000c0c1c00000] [id=14932]
  0x0000025668c6c750 GCTaskThread "GC Thread#7" [stack: 0x000000c0c1c00000,0x000000c0c1d00000] [id=16168]
  0x000002566954b710 GCTaskThread "GC Thread#8" [stack: 0x000000c0c1d00000,0x000000c0c1e00000] [id=27072]
  0x000002566ab1a1c0 GCTaskThread "GC Thread#9" [stack: 0x000000c0c1e00000,0x000000c0c1f00000] [id=7216]
  0x000002567a1fcd70 ConcurrentGCThread "G1 Main Marker" [stack: 0x000000c0bf200000,0x000000c0bf300000] [id=30024]
  0x000002567a1fd690 ConcurrentGCThread "G1 Conc#0" [stack: 0x000000c0bf300000,0x000000c0bf400000] [id=33228]
  0x000002566ab1a480 ConcurrentGCThread "G1 Conc#1" [stack: 0x000000c0c1f00000,0x000000c0c2000000] [id=15800]
  0x000002566ab1a740 ConcurrentGCThread "G1 Conc#2" [stack: 0x000000c0c2000000,0x000000c0c2100000] [id=28492]
  0x000002567ea0b9f0 ConcurrentGCThread "G1 Refine#0" [stack: 0x000000c0bf400000,0x000000c0bf500000] [id=34228]
  0x0000025621df13a0 ConcurrentGCThread "G1 Refine#1" [stack: 0x000000c0c2500000,0x000000c0c2600000] [id=2616]
  0x0000025621df0ad0 ConcurrentGCThread "G1 Refine#2" [stack: 0x000000c0c2600000,0x000000c0c2700000] [id=16460]
  0x0000025621df1690 ConcurrentGCThread "G1 Refine#3" [stack: 0x000000c0c2700000,0x000000c0c2800000] [id=9228]
  0x000002567ea0d240 ConcurrentGCThread "G1 Service" [stack: 0x000000c0bf500000,0x000000c0bf600000] [id=7488]

Threads with active compile tasks:

VM state: at safepoint (normal execution)

VM Mutex/Monitor currently owned by a thread:  ([mutex/lock_event])
[0x0000025679fbb310] Threads_lock - owner thread: 0x000002567eb4e560
[0x000002567a17e1e0] Heap_lock - owner thread: 0x0000025668936330

Heap address: 0x00000006e0000000, size: 4608 MB, Compressed Oops mode: Zero based, Oop shift amount: 3

CDS archive(s) mapped at: [0x0000025622000000-0x0000025622bd0000-0x0000025622bd0000), size 12386304, SharedBaseAddress: 0x0000025622000000, ArchiveRelocationMode: 1.
Compressed class space mapped at: 0x0000025623000000-0x0000025663000000, reserved size: 1073741824
Narrow klass base: 0x0000025622000000, Narrow klass shift: 0, Narrow klass range: 0x100000000

GC Precious Log:
 CPUs: 12 total, 12 available
 Memory: 16122M
 Large Page Support: Disabled
 NUMA Support: Disabled
 Compressed Oops: Enabled (Zero based)
 Heap Region Size: 4M
 Heap Min Capacity: 8M
 Heap Initial Capacity: 252M
 Heap Max Capacity: 4608M
 Pre-touch: Disabled
 Parallel Workers: 10
 Concurrent Workers: 3
 Concurrent Refinement Workers: 10
 Periodic GC: Disabled

Heap:
 garbage-first heap   total 258048K, used 90341K [0x00000006e0000000, 0x0000000800000000)
  region size 4096K, 1 young (4096K), 1 survivors (4096K)
 Metaspace       used 79776K, committed 80512K, reserved 1179648K
  class space    used 11243K, committed 11584K, reserved 1048576K

Heap Regions: E=young(eden), S=young(survivor), O=old, HS=humongous(starts), HC=humongous(continues), CS=collection set, F=free, OA=open archive, CA=closed archive, TAMS=top-at-mark-start (previous, next)
|   0|0x00000006e0000000, 0x00000006e0400000, 0x00000006e0400000|100%|HS|  |TAMS 0x00000006e0400000, 0x00000006e0400000| Complete 
|   1|0x00000006e0400000, 0x00000006e0800000, 0x00000006e0800000|100%| O|  |TAMS 0x00000006e0800000, 0x00000006e0800000| Untracked 
|   2|0x00000006e0800000, 0x00000006e0c00000, 0x00000006e0c00000|100%| O|  |TAMS 0x00000006e0c00000, 0x00000006e0c00000| Untracked 
|   3|0x00000006e0c00000, 0x00000006e1000000, 0x00000006e1000000|100%| O|  |TAMS 0x00000006e1000000, 0x00000006e1000000| Untracked 
|   4|0x00000006e1000000, 0x00000006e1400000, 0x00000006e1400000|100%| O|  |TAMS 0x00000006e1400000, 0x00000006e1400000| Untracked 
|   5|0x00000006e1400000, 0x00000006e1800000, 0x00000006e1800000|100%| O|  |TAMS 0x00000006e1800000, 0x00000006e1800000| Untracked 
|   6|0x00000006e1800000, 0x00000006e1c00000, 0x00000006e1c00000|100%| O|  |TAMS 0x00000006e1c00000, 0x00000006e1c00000| Untracked 
|   7|0x00000006e1c00000, 0x00000006e2000000, 0x00000006e2000000|100%| O|  |TAMS 0x00000006e2000000, 0x00000006e2000000| Untracked 
|   8|0x00000006e2000000, 0x00000006e2400000, 0x00000006e2400000|100%| O|  |TAMS 0x00000006e2400000, 0x00000006e2400000| Untracked 
|   9|0x00000006e2400000, 0x00000006e2800000, 0x00000006e2800000|100%| O|  |TAMS 0x00000006e2800000, 0x00000006e2800000| Untracked 
|  10|0x00000006e2800000, 0x00000006e2c00000, 0x00000006e2c00000|100%| O|  |TAMS 0x00000006e2c00000, 0x00000006e2c00000| Untracked 
|  11|0x00000006e2c00000, 0x00000006e3000000, 0x00000006e3000000|100%| O|  |TAMS 0x00000006e3000000, 0x00000006e3000000| Untracked 
|  12|0x00000006e3000000, 0x00000006e3400000, 0x00000006e3400000|100%| O|  |TAMS 0x00000006e3000000, 0x00000006e3400000| Untracked 
|  13|0x00000006e3400000, 0x00000006e36aec00, 0x00000006e3800000| 67%| O|  |TAMS 0x00000006e3400000, 0x00000006e3400000| Untracked 
|  14|0x00000006e3800000, 0x00000006e3c00000, 0x00000006e3c00000|100%| O|  |TAMS 0x00000006e3800000, 0x00000006e3c00000| Untracked 
|  15|0x00000006e3c00000, 0x00000006e4000000, 0x00000006e4000000|100%| O|  |TAMS 0x00000006e4000000, 0x00000006e4000000| Untracked 
|  16|0x00000006e4000000, 0x00000006e4400000, 0x00000006e4400000|100%| O|  |TAMS 0x00000006e408f200, 0x00000006e4400000| Untracked 
|  17|0x00000006e4400000, 0x00000006e4800000, 0x00000006e4800000|100%| O|  |TAMS 0x00000006e4400000, 0x00000006e4800000| Untracked 
|  18|0x00000006e4800000, 0x00000006e4c00000, 0x00000006e4c00000|100%| O|  |TAMS 0x00000006e4800000, 0x00000006e4a61800| Untracked 
|  19|0x00000006e4c00000, 0x00000006e5000000, 0x00000006e5000000|100%| O|  |TAMS 0x00000006e4c00000, 0x00000006e5000000| Untracked 
|  20|0x00000006e5000000, 0x00000006e5400000, 0x00000006e5400000|100%| O|  |TAMS 0x00000006e5000000, 0x00000006e5400000| Untracked 
|  21|0x00000006e5400000, 0x00000006e5800000, 0x00000006e5800000|100%| O|  |TAMS 0x00000006e5400000, 0x00000006e5800000| Untracked 
|  22|0x00000006e5800000, 0x00000006e5800000, 0x00000006e5c00000|  0%| F|  |TAMS 0x00000006e5800000, 0x00000006e5800000| Untracked 
|  23|0x00000006e5c00000, 0x00000006e5c00000, 0x00000006e6000000|  0%| F|  |TAMS 0x00000006e5c00000, 0x00000006e5c00000| Untracked 
|  24|0x00000006e6000000, 0x00000006e6000000, 0x00000006e6400000|  0%| F|  |TAMS 0x00000006e6000000, 0x00000006e6000000| Untracked 
|  25|0x00000006e6400000, 0x00000006e6400000, 0x00000006e6800000|  0%| F|  |TAMS 0x00000006e6400000, 0x00000006e6400000| Untracked 
|  26|0x00000006e6800000, 0x00000006e6800000, 0x00000006e6c00000|  0%| F|  |TAMS 0x00000006e6800000, 0x00000006e6800000| Untracked 
|  27|0x00000006e6c00000, 0x00000006e6c00000, 0x00000006e7000000|  0%| F|  |TAMS 0x00000006e6c00000, 0x00000006e6c00000| Untracked 
|  28|0x00000006e7000000, 0x00000006e7000000, 0x00000006e7400000|  0%| F|  |TAMS 0x00000006e7000000, 0x00000006e7000000| Untracked 
|  29|0x00000006e7400000, 0x00000006e7400000, 0x00000006e7800000|  0%| F|  |TAMS 0x00000006e7400000, 0x00000006e7400000| Untracked 
|  30|0x00000006e7800000, 0x00000006e798a8a0, 0x00000006e7c00000| 38%| S|CS|TAMS 0x00000006e7800000, 0x00000006e7800000| Complete 
|  31|0x00000006e7c00000, 0x00000006e7c00000, 0x00000006e8000000|  0%| F|  |TAMS 0x00000006e7c00000, 0x00000006e7c00000| Untracked 
|  32|0x00000006e8000000, 0x00000006e8000000, 0x00000006e8400000|  0%| F|  |TAMS 0x00000006e8000000, 0x00000006e8000000| Untracked 
|  33|0x00000006e8400000, 0x00000006e8400000, 0x00000006e8800000|  0%| F|  |TAMS 0x00000006e8400000, 0x00000006e8400000| Untracked 
|  34|0x00000006e8800000, 0x00000006e8800000, 0x00000006e8c00000|  0%| F|  |TAMS 0x00000006e8800000, 0x00000006e8800000| Untracked 
|  35|0x00000006e8c00000, 0x00000006e8c00000, 0x00000006e9000000|  0%| F|  |TAMS 0x00000006e8c00000, 0x00000006e8c00000| Untracked 
|  36|0x00000006e9000000, 0x00000006e9000000, 0x00000006e9400000|  0%| F|  |TAMS 0x00000006e9000000, 0x00000006e9000000| Untracked 
|  37|0x00000006e9400000, 0x00000006e9400000, 0x00000006e9800000|  0%| F|  |TAMS 0x00000006e9400000, 0x00000006e9400000| Untracked 
|  38|0x00000006e9800000, 0x00000006e9800000, 0x00000006e9c00000|  0%| F|  |TAMS 0x00000006e9800000, 0x00000006e9800000| Untracked 
|  39|0x00000006e9c00000, 0x00000006e9c00000, 0x00000006ea000000|  0%| F|  |TAMS 0x00000006e9c00000, 0x00000006e9c00000| Untracked 
|  40|0x00000006ea000000, 0x00000006ea000000, 0x00000006ea400000|  0%| F|  |TAMS 0x00000006ea000000, 0x00000006ea000000| Untracked 
|  41|0x00000006ea400000, 0x00000006ea400000, 0x00000006ea800000|  0%| F|  |TAMS 0x00000006ea400000, 0x00000006ea400000| Untracked 
|  42|0x00000006ea800000, 0x00000006ea800000, 0x00000006eac00000|  0%| F|  |TAMS 0x00000006ea800000, 0x00000006ea800000| Untracked 
|  43|0x00000006eac00000, 0x00000006eac00000, 0x00000006eb000000|  0%| F|  |TAMS 0x00000006eac00000, 0x00000006eac00000| Untracked 
|  44|0x00000006eb000000, 0x00000006eb000000, 0x00000006eb400000|  0%| F|  |TAMS 0x00000006eb000000, 0x00000006eb000000| Untracked 
|  45|0x00000006eb400000, 0x00000006eb400000, 0x00000006eb800000|  0%| F|  |TAMS 0x00000006eb400000, 0x00000006eb400000| Untracked 
|  46|0x00000006eb800000, 0x00000006eb800000, 0x00000006ebc00000|  0%| F|  |TAMS 0x00000006eb800000, 0x00000006eb800000| Untracked 
|  47|0x00000006ebc00000, 0x00000006ebc00000, 0x00000006ec000000|  0%| F|  |TAMS 0x00000006ebc00000, 0x00000006ebc00000| Untracked 
|  48|0x00000006ec000000, 0x00000006ec000000, 0x00000006ec400000|  0%| F|  |TAMS 0x00000006ec000000, 0x00000006ec000000| Untracked 
|  49|0x00000006ec400000, 0x00000006ec400000, 0x00000006ec800000|  0%| F|  |TAMS 0x00000006ec400000, 0x00000006ec400000| Untracked 
|  50|0x00000006ec800000, 0x00000006ec800000, 0x00000006ecc00000|  0%| F|  |TAMS 0x00000006ec800000, 0x00000006ec800000| Untracked 
|  51|0x00000006ecc00000, 0x00000006ecc00000, 0x00000006ed000000|  0%| F|  |TAMS 0x00000006ecc00000, 0x00000006ecc00000| Untracked 
|  52|0x00000006ed000000, 0x00000006ed000000, 0x00000006ed400000|  0%| F|  |TAMS 0x00000006ed000000, 0x00000006ed000000| Untracked 
|  53|0x00000006ed400000, 0x00000006ed400000, 0x00000006ed800000|  0%| F|  |TAMS 0x00000006ed400000, 0x00000006ed400000| Untracked 
|  54|0x00000006ed800000, 0x00000006ed800000, 0x00000006edc00000|  0%| F|  |TAMS 0x00000006ed800000, 0x00000006ed800000| Untracked 
|  55|0x00000006edc00000, 0x00000006edc00000, 0x00000006ee000000|  0%| F|  |TAMS 0x00000006edc00000, 0x00000006edc00000| Untracked 
|  56|0x00000006ee000000, 0x00000006ee000000, 0x00000006ee400000|  0%| F|  |TAMS 0x00000006ee000000, 0x00000006ee000000| Untracked 
|  57|0x00000006ee400000, 0x00000006ee400000, 0x00000006ee800000|  0%| F|  |TAMS 0x00000006ee400000, 0x00000006ee400000| Untracked 
|  58|0x00000006ee800000, 0x00000006ee800000, 0x00000006eec00000|  0%| F|  |TAMS 0x00000006ee800000, 0x00000006ee800000| Untracked 
|  59|0x00000006eec00000, 0x00000006eec00000, 0x00000006ef000000|  0%| F|  |TAMS 0x00000006eec00000, 0x00000006eec00000| Untracked 
|  60|0x00000006ef000000, 0x00000006ef000000, 0x00000006ef400000|  0%| F|  |TAMS 0x00000006ef000000, 0x00000006ef000000| Untracked 
|  61|0x00000006ef400000, 0x00000006ef400000, 0x00000006ef800000|  0%| F|  |TAMS 0x00000006ef400000, 0x00000006ef400000| Untracked 
|  62|0x00000006ef800000, 0x00000006ef800000, 0x00000006efc00000|  0%| F|  |TAMS 0x00000006ef800000, 0x00000006ef800000| Untracked 

Card table byte_map: [0x000002567d020000,0x000002567d920000] _byte_map_base: 0x0000025679920000

Marking Bits (Prev, Next): (CMBitMap*) 0x000002567a1f2470, (CMBitMap*) 0x000002567a1f2430
 Prev Bits: [0x000002561b230000, 0x000002561fa30000)
 Next Bits: [0x0000025616a30000, 0x000002561b230000)

Polling page: 0x000002567b9d0000

Metaspace:

Usage:
  Non-class:     66.93 MB used.
      Class:     10.98 MB used.
       Both:     77.91 MB used.

Virtual space:
  Non-class space:      128.00 MB reserved,      67.31 MB ( 53%) committed,  2 nodes.
      Class space:        1.00 GB reserved,      11.31 MB (  1%) committed,  1 nodes.
             Both:        1.12 GB reserved,      78.62 MB (  7%) committed. 

Chunk freelists:
   Non-Class:  12.38 MB
       Class:  4.50 MB
        Both:  16.88 MB

MaxMetaspaceSize: unlimited
CompressedClassSpaceSize: 1.00 GB
Initial GC threshold: 21.00 MB
Current GC threshold: 124.50 MB
CDS: on
MetaspaceReclaimPolicy: balanced
 - commit_granule_bytes: 65536.
 - commit_granule_words: 8192.
 - virtual_space_node_default_size: 8388608.
 - enlarge_chunks_in_place: 1.
 - new_chunks_are_fully_committed: 0.
 - uncommit_free_chunks: 1.
 - use_allocation_guard: 0.
 - handle_deallocations: 1.


Internal statistics:

num_allocs_failed_limit: 9.
num_arena_births: 882.
num_arena_deaths: 2.
num_vsnodes_births: 3.
num_vsnodes_deaths: 0.
num_space_committed: 1256.
num_space_uncommitted: 0.
num_chunks_returned_to_freelist: 15.
num_chunks_taken_from_freelist: 3947.
num_chunk_merges: 9.
num_chunk_splits: 2822.
num_chunks_enlarged: 2124.
num_inconsistent_stats: 0.

CodeHeap 'non-profiled nmethods': size=120000Kb used=5403Kb max_used=5430Kb free=114596Kb
 bounds [0x000002560f500000, 0x000002560fa50000, 0x0000025616a30000]
CodeHeap 'profiled nmethods': size=120000Kb used=16301Kb max_used=17208Kb free=103698Kb
 bounds [0x0000025607a30000, 0x0000025608b00000, 0x000002560ef60000]
CodeHeap 'non-nmethods': size=5760Kb used=2413Kb max_used=2464Kb free=3346Kb
 bounds [0x000002560ef60000, 0x000002560f1d0000, 0x000002560f500000]
 total_blobs=9765 nmethods=8828 adapters=849
 compilation: enabled
              stopped_count=0, restarted_count=0
 full_count=0

Compilation events (20 events):
Event: 33.975 Thread 0x000002567eb7f1b0 10451       1       org.jetbrains.kotlin.metadata.ProtoBuf$Class::getFqName (5 bytes)
Event: 33.975 Thread 0x000002567eb7f1b0 nmethod 10451 0x000002560f96ae10 code [0x000002560f96afa0, 0x000002560f96b078]
Event: 33.975 Thread 0x000002567eb7f1b0 10452       1       kotlin.Triple::component1 (5 bytes)
Event: 33.975 Thread 0x000002567eb7f1b0 nmethod 10452 0x000002560f96ab10 code [0x000002560f96aca0, 0x000002560f96ad78]
Event: 33.975 Thread 0x000002567eb7f1b0 10453       1       kotlin.Triple::component2 (5 bytes)
Event: 33.976 Thread 0x000002567eb7f1b0 nmethod 10453 0x000002560f96a810 code [0x000002560f96a9a0, 0x000002560f96aa78]
Event: 33.976 Thread 0x000002567eb7f1b0 10454       1       kotlin.Triple::getThird (5 bytes)
Event: 33.976 Thread 0x000002567eb7f1b0 nmethod 10454 0x000002560f96a510 code [0x000002560f96a6a0, 0x000002560f96a778]
Event: 33.976 Thread 0x000002567eb7f1b0 10449       1       org.jetbrains.kotlin.metadata.ProtoBuf$Class::getTypeTable (5 bytes)
Event: 33.976 Thread 0x000002567eb7f1b0 nmethod 10449 0x000002560f96a210 code [0x000002560f96a3a0, 0x000002560f96a478]
Event: 33.976 Thread 0x000002567eb7f1b0 10455       3       org.jetbrains.kotlin.protobuf.LazyStringArrayList::add (22 bytes)
Event: 33.976 Thread 0x000002567eb7f1b0 nmethod 10455 0x00000256086d4590 code [0x00000256086d4740, 0x00000256086d4928]
Event: 34.018 Thread 0x000002567eb6cc60 10456       4       jdk.internal.loader.ClassLoaders::platformClassLoader (4 bytes)
Event: 34.018 Thread 0x000002567eb6cc60 nmethod 10456 0x000002560f969f10 code [0x000002560f96a080, 0x000002560f96a0d8]
Event: 34.046 Thread 0x000002567eb7f1b0 10457       3       org.jetbrains.kotlin.protobuf.CodedOutputStream::writeRawByte (7 bytes)
Event: 34.046 Thread 0x000002567eb7f1b0 nmethod 10457 0x000002560846db90 code [0x000002560846dd20, 0x000002560846de68]
Event: 34.046 Thread 0x000002567eb7f1b0 10458       3       org.jetbrains.kotlin.protobuf.CodedOutputStream::writeRawByte (43 bytes)
Event: 34.047 Thread 0x000002567eb7f1b0 nmethod 10458 0x00000256088f0a10 code [0x00000256088f0bc0, 0x00000256088f0d88]
Event: 34.047 Thread 0x000002567eb7f1b0 10459       3       org.jetbrains.kotlin.protobuf.CodedOutputStream::computeRawVarint32Size (41 bytes)
Event: 34.047 Thread 0x000002567eb7f1b0 nmethod 10459 0x000002560818b890 code [0x000002560818ba40, 0x000002560818bcf8]

GC Heap History (20 events):
Event: 30.830 GC heap after
{Heap after GC invocations=25 (full 0):
 garbage-first heap   total 110592K, used 55670K [0x00000006e0000000, 0x0000000800000000)
  region size 4096K, 2 young (8192K), 2 survivors (8192K)
 Metaspace       used 68639K, committed 69312K, reserved 1114112K
  class space    used 9898K, committed 10176K, reserved 1048576K
}
Event: 31.575 GC heap before
{Heap before GC invocations=26 (full 0):
 garbage-first heap   total 110592K, used 80246K [0x00000006e0000000, 0x0000000800000000)
  region size 4096K, 9 young (36864K), 2 survivors (8192K)
 Metaspace       used 72416K, committed 73024K, reserved 1114112K
  class space    used 10360K, committed 10624K, reserved 1048576K
}
Event: 31.580 GC heap after
{Heap after GC invocations=27 (full 0):
 garbage-first heap   total 110592K, used 57031K [0x00000006e0000000, 0x0000000800000000)
  region size 4096K, 2 young (8192K), 2 survivors (8192K)
 Metaspace       used 72416K, committed 73024K, reserved 1114112K
  class space    used 10360K, committed 10624K, reserved 1048576K
}
Event: 31.696 GC heap before
{Heap before GC invocations=27 (full 0):
 garbage-first heap   total 110592K, used 65223K [0x00000006e0000000, 0x0000000800000000)
  region size 4096K, 3 young (12288K), 2 survivors (8192K)
 Metaspace       used 72810K, committed 73472K, reserved 1114112K
  class space    used 10433K, committed 10752K, reserved 1048576K
}
Event: 31.703 GC heap after
{Heap after GC invocations=28 (full 0):
 garbage-first heap   total 110592K, used 55880K [0x00000006e0000000, 0x0000000800000000)
  region size 4096K, 1 young (4096K), 1 survivors (4096K)
 Metaspace       used 72810K, committed 73472K, reserved 1114112K
  class space    used 10433K, committed 10752K, reserved 1048576K
}
Event: 31.900 GC heap before
{Heap before GC invocations=28 (full 0):
 garbage-first heap   total 110592K, used 55880K [0x00000006e0000000, 0x0000000800000000)
  region size 4096K, 3 young (12288K), 1 survivors (4096K)
 Metaspace       used 72811K, committed 73472K, reserved 1114112K
  class space    used 10433K, committed 10752K, reserved 1048576K
}
Event: 31.904 GC heap after
{Heap after GC invocations=29 (full 0):
 garbage-first heap   total 110592K, used 55645K [0x00000006e0000000, 0x0000000800000000)
  region size 4096K, 1 young (4096K), 1 survivors (4096K)
 Metaspace       used 72811K, committed 73472K, reserved 1114112K
  class space    used 10433K, committed 10752K, reserved 1048576K
}
Event: 32.523 GC heap before
{Heap before GC invocations=30 (full 0):
 garbage-first heap   total 118784K, used 100701K [0x00000006e0000000, 0x0000000800000000)
  region size 4096K, 9 young (36864K), 1 survivors (4096K)
 Metaspace       used 75558K, committed 76288K, reserved 1179648K
  class space    used 10754K, committed 11072K, reserved 1048576K
}
Event: 32.531 GC heap after
{Heap after GC invocations=31 (full 0):
 garbage-first heap   total 118784K, used 67463K [0x00000006e0000000, 0x0000000800000000)
  region size 4096K, 2 young (8192K), 2 survivors (8192K)
 Metaspace       used 75558K, committed 76288K, reserved 1179648K
  class space    used 10754K, committed 11072K, reserved 1048576K
}
Event: 32.548 GC heap before
{Heap before GC invocations=31 (full 0):
 garbage-first heap   total 118784K, used 71559K [0x00000006e0000000, 0x0000000800000000)
  region size 4096K, 3 young (12288K), 2 survivors (8192K)
 Metaspace       used 75558K, committed 76288K, reserved 1179648K
  class space    used 10754K, committed 11072K, reserved 1048576K
}
Event: 32.554 GC heap after
{Heap after GC invocations=32 (full 0):
 garbage-first heap   total 143360K, used 67522K [0x00000006e0000000, 0x0000000800000000)
  region size 4096K, 1 young (4096K), 1 survivors (4096K)
 Metaspace       used 75558K, committed 76288K, reserved 1179648K
  class space    used 10754K, committed 11072K, reserved 1048576K
}
Event: 33.052 GC heap before
{Heap before GC invocations=32 (full 0):
 garbage-first heap   total 143360K, used 108482K [0x00000006e0000000, 0x0000000800000000)
  region size 4096K, 12 young (49152K), 1 survivors (4096K)
 Metaspace       used 75686K, committed 76480K, reserved 1179648K
  class space    used 10760K, committed 11136K, reserved 1048576K
}
Event: 33.069 GC heap after
{Heap after GC invocations=33 (full 0):
 garbage-first heap   total 143360K, used 74670K [0x00000006e0000000, 0x0000000800000000)
  region size 4096K, 2 young (8192K), 2 survivors (8192K)
 Metaspace       used 75686K, committed 76480K, reserved 1179648K
  class space    used 10760K, committed 11136K, reserved 1048576K
}
Event: 33.238 GC heap before
{Heap before GC invocations=34 (full 0):
 garbage-first heap   total 151552K, used 103342K [0x00000006e0000000, 0x0000000800000000)
  region size 4096K, 9 young (36864K), 2 survivors (8192K)
 Metaspace       used 75689K, committed 76480K, reserved 1179648K
  class space    used 10760K, committed 11136K, reserved 1048576K
}
Event: 33.249 GC heap after
{Heap after GC invocations=35 (full 0):
 garbage-first heap   total 151552K, used 85220K [0x00000006e0000000, 0x0000000800000000)
  region size 4096K, 2 young (8192K), 2 survivors (8192K)
 Metaspace       used 75689K, committed 76480K, reserved 1179648K
  class space    used 10760K, committed 11136K, reserved 1048576K
}
Event: 33.267 GC heap before
{Heap before GC invocations=35 (full 0):
 garbage-first heap   total 151552K, used 85220K [0x00000006e0000000, 0x0000000800000000)
  region size 4096K, 3 young (12288K), 2 survivors (8192K)
 Metaspace       used 75689K, committed 76480K, reserved 1179648K
  class space    used 10760K, committed 11136K, reserved 1048576K
}
Event: 33.280 GC heap after
{Heap after GC invocations=36 (full 0):
 garbage-first heap   total 151552K, used 88244K [0x00000006e0000000, 0x0000000800000000)
  region size 4096K, 1 young (4096K), 1 survivors (4096K)
 Metaspace       used 75689K, committed 76480K, reserved 1179648K
  class space    used 10760K, committed 11136K, reserved 1048576K
}
Event: 33.576 GC heap before
{Heap before GC invocations=36 (full 0):
 garbage-first heap   total 151552K, used 112820K [0x00000006e0000000, 0x0000000800000000)
  region size 4096K, 7 young (28672K), 1 survivors (4096K)
 Metaspace       used 76593K, committed 77376K, reserved 1179648K
  class space    used 10880K, committed 11264K, reserved 1048576K
}
Event: 33.580 GC heap after
{Heap after GC invocations=37 (full 0):
 garbage-first heap   total 151552K, used 88454K [0x00000006e0000000, 0x0000000800000000)
  region size 4096K, 1 young (4096K), 1 survivors (4096K)
 Metaspace       used 76593K, committed 77376K, reserved 1179648K
  class space    used 10880K, committed 11264K, reserved 1048576K
}
Event: 34.077 GC heap before
{Heap before GC invocations=37 (full 0):
 garbage-first heap   total 151552K, used 108934K [0x00000006e0000000, 0x0000000800000000)
  region size 4096K, 7 young (28672K), 1 survivors (4096K)
 Metaspace       used 79776K, committed 80512K, reserved 1179648K
  class space    used 11243K, committed 11584K, reserved 1048576K
}

Dll operation events (14 events):
Event: 0.031 Loaded shared library C:\Users\Nikhi\AppData\Local\Programs\Eclipse Adoptium\jdk-17.0.8.7-hotspot\bin\java.dll
Event: 0.070 Loaded shared library C:\Users\Nikhi\AppData\Local\Programs\Eclipse Adoptium\jdk-17.0.8.7-hotspot\bin\jsvml.dll
Event: 0.201 Loaded shared library C:\Users\Nikhi\AppData\Local\Programs\Eclipse Adoptium\jdk-17.0.8.7-hotspot\bin\zip.dll
Event: 0.213 Loaded shared library C:\Users\Nikhi\AppData\Local\Programs\Eclipse Adoptium\jdk-17.0.8.7-hotspot\bin\instrument.dll
Event: 0.232 Loaded shared library C:\Users\Nikhi\AppData\Local\Programs\Eclipse Adoptium\jdk-17.0.8.7-hotspot\bin\net.dll
Event: 0.239 Loaded shared library C:\Users\Nikhi\AppData\Local\Programs\Eclipse Adoptium\jdk-17.0.8.7-hotspot\bin\nio.dll
Event: 0.243 Loaded shared library C:\Users\Nikhi\AppData\Local\Programs\Eclipse Adoptium\jdk-17.0.8.7-hotspot\bin\zip.dll
Event: 1.060 Loaded shared library C:\Users\Nikhi\AppData\Local\Programs\Eclipse Adoptium\jdk-17.0.8.7-hotspot\bin\jimage.dll
Event: 1.523 Loaded shared library C:\Users\Nikhi\AppData\Local\Programs\Eclipse Adoptium\jdk-17.0.8.7-hotspot\bin\verify.dll
Event: 1.992 Loaded shared library C:\Users\Nikhi\.gradle\native\c067742578af261105cb4f569cf0c3c89f3d7b1fecec35dd04571415982c5e48\windows-amd64\native-platform.dll
Event: 2.014 Loaded shared library C:\Users\Nikhi\.gradle\native\100fb08df4bc3b14c8652ba06237920a3bd2aa13389f12d3474272988ae205f9\windows-amd64\native-platform-file-events.dll
Event: 5.297 Loaded shared library C:\Users\Nikhi\AppData\Local\Programs\Eclipse Adoptium\jdk-17.0.8.7-hotspot\bin\management.dll
Event: 5.308 Loaded shared library C:\Users\Nikhi\AppData\Local\Programs\Eclipse Adoptium\jdk-17.0.8.7-hotspot\bin\management_ext.dll
Event: 6.842 Loaded shared library C:\Users\Nikhi\AppData\Local\Programs\Eclipse Adoptium\jdk-17.0.8.7-hotspot\bin\sunmscapi.dll

Deoptimization events (20 events):
Event: 33.884 Thread 0x0000025668936330 Uncommon trap: trap_request=0xffffffc6 fr.pc=0x000002560f894860 relative=0x00000000000014e0
Event: 33.884 Thread 0x0000025668936330 Uncommon trap: reason=bimorphic_or_optimized_type_check action=maybe_recompile pc=0x000002560f894860 method=java.io.DataInputStream.readInt()I @ 4 c2
Event: 33.884 Thread 0x0000025668936330 DEOPT PACKING pc=0x000002560f894860 sp=0x000000c0c0ef5600
Event: 33.884 Thread 0x0000025668936330 DEOPT UNPACKING pc=0x000002560efba1a3 sp=0x000000c0c0ef55d0 mode 2
Event: 33.885 Thread 0x0000025668936330 Uncommon trap: trap_request=0xffffff45 fr.pc=0x000002560f9b7664 relative=0x00000000000014a4
Event: 33.885 Thread 0x0000025668936330 Uncommon trap: reason=unstable_if action=reinterpret pc=0x000002560f9b7664 method=java.util.concurrent.ConcurrentHashMap.putVal(Ljava/lang/Object;Ljava/lang/Object;Z)Ljava/lang/Object; @ 162 c2
Event: 33.885 Thread 0x0000025668936330 DEOPT PACKING pc=0x000002560f9b7664 sp=0x000000c0c0ef4b00
Event: 33.885 Thread 0x0000025668936330 DEOPT UNPACKING pc=0x000002560efba1a3 sp=0x000000c0c0ef4a98 mode 2
Event: 33.885 Thread 0x0000025668936330 Uncommon trap: trap_request=0xffffffc6 fr.pc=0x000002560f894860 relative=0x00000000000014e0
Event: 33.885 Thread 0x0000025668936330 Uncommon trap: reason=bimorphic_or_optimized_type_check action=maybe_recompile pc=0x000002560f894860 method=java.io.DataInputStream.readInt()I @ 4 c2
Event: 33.885 Thread 0x0000025668936330 DEOPT PACKING pc=0x000002560f894860 sp=0x000000c0c0ef5610
Event: 33.885 Thread 0x0000025668936330 DEOPT UNPACKING pc=0x000002560efba1a3 sp=0x000000c0c0ef55e0 mode 2
Event: 33.885 Thread 0x0000025668936330 Uncommon trap: trap_request=0xffffffc6 fr.pc=0x000002560f894860 relative=0x00000000000014e0
Event: 33.885 Thread 0x0000025668936330 Uncommon trap: reason=bimorphic_or_optimized_type_check action=maybe_recompile pc=0x000002560f894860 method=java.io.DataInputStream.readInt()I @ 4 c2
Event: 33.885 Thread 0x0000025668936330 DEOPT PACKING pc=0x000002560f894860 sp=0x000000c0c0ef5610
Event: 33.885 Thread 0x0000025668936330 DEOPT UNPACKING pc=0x000002560efba1a3 sp=0x000000c0c0ef55e0 mode 2
Event: 33.885 Thread 0x0000025668936330 Uncommon trap: trap_request=0xffffffc6 fr.pc=0x000002560f894860 relative=0x00000000000014e0
Event: 33.885 Thread 0x0000025668936330 Uncommon trap: reason=bimorphic_or_optimized_type_check action=maybe_recompile pc=0x000002560f894860 method=java.io.DataInputStream.readInt()I @ 4 c2
Event: 33.885 Thread 0x0000025668936330 DEOPT PACKING pc=0x000002560f894860 sp=0x000000c0c0ef5610
Event: 33.885 Thread 0x0000025668936330 DEOPT UNPACKING pc=0x000002560efba1a3 sp=0x000000c0c0ef55e0 mode 2

Classes unloaded (5 events):
Event: 24.970 Thread 0x000002567eb4e560 Unloading class 0x0000025623568918 '_BuildScript_$_run_closure1$_closure2'
Event: 24.970 Thread 0x000002567eb4e560 Unloading class 0x0000025623568530 '_BuildScript_$_run_closure1'
Event: 24.970 Thread 0x000002567eb4e560 Unloading class 0x0000025623568000 '_BuildScript_'
Event: 24.970 Thread 0x000002567eb4e560 Unloading class 0x0000025623560ab0 'GradleAnnotationProcessorPatchPlugin$AnnotationProcessorModelBuilder'
Event: 24.970 Thread 0x000002567eb4e560 Unloading class 0x0000025623560800 'GradleAnnotationProcessorPatchPlugin'

Classes redefined (0 events):
No events

Internal exceptions (20 events):
Event: 30.613 Thread 0x0000025668936330 Exception <a 'java/lang/NoSuchMethodError'{0x00000006e5747dd8}: 'void java.lang.invoke.DelegatingMethodHandle$Holder.reinvoke_L(java.lang.Object, java.lang.Object, java.lang.Object, long, java.lang.Object)'> (0x00000006e5747dd8) 
thrown [s\src\hotspot\share\interpreter\linkResolver.cpp, line 759]
Event: 30.617 Thread 0x0000025668936330 Exception <a 'java/lang/NoSuchMethodError'{0x00000006e5757710}: 'void java.lang.invoke.DelegatingMethodHandle$Holder.reinvoke_L(java.lang.Object, java.lang.Object, java.lang.Object, long, long)'> (0x00000006e5757710) 
thrown [s\src\hotspot\share\interpreter\linkResolver.cpp, line 759]
Event: 30.620 Thread 0x0000025668936330 Exception <a 'java/lang/NoSuchMethodError'{0x00000006e575fe38}: 'java.lang.Object java.lang.invoke.DirectMethodHandle$Holder.invokeSpecial(java.lang.Object, java.lang.Object, java.lang.Object, java.lang.Object, long)'> (0x00000006e575fe38) 
thrown [s\src\hotspot\share\interpreter\linkResolver.cpp, line 759]
Event: 30.624 Thread 0x0000025668936330 Exception <a 'java/lang/NoSuchMethodError'{0x00000006e5770558}: 'int java.lang.invoke.DelegatingMethodHandle$Holder.reinvoke_L(java.lang.Object, java.lang.Object, java.lang.Object, long, java.lang.Object, java.lang.Object)'> (0x00000006e5770558) 
thrown [s\src\hotspot\share\interpreter\linkResolver.cpp, line 759]
Event: 30.632 Thread 0x0000025668936330 Exception <a 'java/lang/NoSuchMethodError'{0x00000006e5780808}: 'int java.lang.invoke.DelegatingMethodHandle$Holder.reinvoke_L(java.lang.Object, java.lang.Object, java.lang.Object, long, int, int)'> (0x00000006e5780808) 
thrown [s\src\hotspot\share\interpreter\linkResolver.cpp, line 759]
Event: 30.634 Thread 0x0000025668936330 Exception <a 'java/lang/NoSuchMethodError'{0x00000006e5790618}: 'int java.lang.invoke.DelegatingMethodHandle$Holder.reinvoke_L(java.lang.Object, java.lang.Object, java.lang.Object, long, long, long)'> (0x00000006e5790618) 
thrown [s\src\hotspot\share\interpreter\linkResolver.cpp, line 759]
Event: 30.636 Thread 0x0000025668936330 Exception <a 'java/lang/NoSuchMethodError'{0x00000006e57a0110}: 'int java.lang.invoke.DelegatingMethodHandle$Holder.reinvoke_L(java.lang.Object, java.lang.Object, java.lang.Object, long, int)'> (0x00000006e57a0110) 
thrown [s\src\hotspot\share\interpreter\linkResolver.cpp, line 759]
Event: 30.640 Thread 0x0000025668936330 Exception <a 'java/lang/NoSuchMethodError'{0x00000006e57b6b08}: 'long java.lang.invoke.DelegatingMethodHandle$Holder.reinvoke_L(java.lang.Object, java.lang.Object, java.lang.Object, long)'> (0x00000006e57b6b08) 
thrown [s\src\hotspot\share\interpreter\linkResolver.cpp, line 759]
Event: 30.642 Thread 0x0000025668936330 Exception <a 'java/lang/NoSuchMethodError'{0x00000006e57cb168}: 'void java.lang.invoke.DelegatingMethodHandle$Holder.reinvoke_L(java.lang.Object, java.lang.Object, java.lang.Object, long, java.lang.Object, long, long)'> (0x00000006e57cb168) 
thrown [s\src\hotspot\share\interpreter\linkResolver.cpp, line 759]
Event: 30.643 Thread 0x0000025668936330 Exception <a 'java/lang/NoSuchMethodError'{0x00000006e57d3628}: 'long java.lang.invoke.Invokers$Holder.invokeExact_MT(java.lang.Object, java.lang.Object, java.lang.Object)'> (0x00000006e57d3628) 
thrown [s\src\hotspot\share\interpreter\linkResolver.cpp, line 759]
Event: 30.643 Thread 0x0000025668936330 Exception <a 'java/lang/NoSuchMethodError'{0x00000006e57d87d0}: 'int java.lang.invoke.Invokers$Holder.invokeExact_MT(java.lang.Object, java.lang.Object, java.lang.Object)'> (0x00000006e57d87d0) 
thrown [s\src\hotspot\share\interpreter\linkResolver.cpp, line 759]
Event: 31.643 Thread 0x0000025668936330 Exception <a 'java/lang/NoSuchMethodError'{0x00000006efa47ca8}: 'java.lang.Object java.lang.invoke.DirectMethodHandle$Holder.invokeStatic(java.lang.Object, java.lang.Object, java.lang.Object, java.lang.Object, int, java.lang.Object)'> (0x00000006efa47ca8) 
thrown [s\src\hotspot\share\interpreter\linkResolver.cpp, line 759]
Event: 32.340 Thread 0x0000025668936330 Exception <a 'java/lang/NoSuchMethodError'{0x00000006e5e7ccb8}: 'java.lang.Object java.lang.invoke.Invokers$Holder.invokeExact_MT(java.lang.Object, java.lang.Object, long, java.lang.Object)'> (0x00000006e5e7ccb8) 
thrown [s\src\hotspot\share\interpreter\linkResolver.cpp, line 759]
Event: 32.398 Thread 0x0000025668936330 Exception <a 'java/lang/NoSuchMethodError'{0x00000006e58dd828}: 'java.lang.Object java.lang.invoke.Invokers$Holder.invoke_MT(java.lang.Object, java.lang.Object, java.lang.Object)'> (0x00000006e58dd828) 
thrown [s\src\hotspot\share\interpreter\linkResolver.cpp, line 759]
Event: 32.410 Thread 0x0000025668936330 Exception <a 'sun/nio/fs/WindowsException'{0x00000006e5930688}> (0x00000006e5930688) 
thrown [s\src\hotspot\share\prims\jni.cpp, line 516]
Event: 32.868 Thread 0x0000025668936330 Implicit null exception at 0x000002560f7dcef3 to 0x000002560f7dd7c8
Event: 33.356 Thread 0x0000025668936330 Exception <a 'sun/nio/fs/WindowsException'{0x00000006e8162ab8}> (0x00000006e8162ab8) 
thrown [s\src\hotspot\share\prims\jni.cpp, line 516]
Event: 33.356 Thread 0x0000025668936330 Exception <a 'sun/nio/fs/WindowsException'{0x00000006e8163188}> (0x00000006e8163188) 
thrown [s\src\hotspot\share\prims\jni.cpp, line 516]
Event: 33.356 Thread 0x0000025668936330 Exception <a 'sun/nio/fs/WindowsException'{0x00000006e8163828}> (0x00000006e8163828) 
thrown [s\src\hotspot\share\prims\jni.cpp, line 516]
Event: 33.369 Thread 0x0000025668936330 Exception <a 'sun/nio/fs/WindowsException'{0x00000006e818e6c8}> (0x00000006e818e6c8) 
thrown [s\src\hotspot\share\prims\jni.cpp, line 516]

VM Operations (20 events):
Event: 32.531 Executing VM operation: G1CollectForAllocation done
Event: 32.548 Executing VM operation: G1CollectForAllocation
Event: 32.554 Executing VM operation: G1CollectForAllocation done
Event: 33.052 Executing VM operation: G1CollectForAllocation
Event: 33.069 Executing VM operation: G1CollectForAllocation done
Event: 33.133 Executing VM operation: G1PauseRemark
Event: 33.140 Executing VM operation: G1PauseRemark done
Event: 33.163 Executing VM operation: G1PauseCleanup
Event: 33.163 Executing VM operation: G1PauseCleanup done
Event: 33.238 Executing VM operation: G1CollectForAllocation
Event: 33.250 Executing VM operation: G1CollectForAllocation done
Event: 33.267 Executing VM operation: G1CollectForAllocation
Event: 33.280 Executing VM operation: G1CollectForAllocation done
Event: 33.334 Executing VM operation: HandshakeAllThreads
Event: 33.334 Executing VM operation: HandshakeAllThreads done
Event: 33.384 Executing VM operation: HandshakeAllThreads
Event: 33.385 Executing VM operation: HandshakeAllThreads done
Event: 33.576 Executing VM operation: G1CollectForAllocation
Event: 33.580 Executing VM operation: G1CollectForAllocation done
Event: 34.076 Executing VM operation: G1TryInitiateConcMark

Events (20 events):
Event: 32.399 loading class sun/nio/ch/FileChannelImpl$Unmapper done
Event: 32.399 loading class sun/nio/ch/FileChannelImpl$DefaultUnmapper done
Event: 32.400 loading class sun/nio/ch/Util$4
Event: 32.400 loading class sun/nio/ch/Util$4 done
Event: 32.403 loading class java/io/UTFDataFormatException
Event: 32.404 loading class java/io/UTFDataFormatException done
Event: 32.474 Thread 0x000002566878b0b0 Thread added: 0x000002566878b0b0
Event: 32.498 Thread 0x000002566bcf91d0 Thread added: 0x000002566bcf91d0
Event: 33.336 Thread 0x000002567eb87ee0 flushing nmethod 0x000002560f935e90
Event: 33.336 Thread 0x000002567eb87ee0 flushing nmethod 0x000002560f963590
Event: 33.336 Thread 0x000002567eb87ee0 flushing nmethod 0x000002560f9a0010
Event: 33.338 Thread 0x000002567eb87ee0 flushing nmethod 0x0000025607beac90
Event: 33.339 Thread 0x000002567eb87ee0 flushing nmethod 0x0000025607c6f010
Event: 33.339 Thread 0x000002567eb87ee0 flushing nmethod 0x0000025607d04090
Event: 33.341 Thread 0x000002567eb87ee0 flushing nmethod 0x0000025607f8a990
Event: 33.348 Thread 0x000002567eb87ee0 flushing nmethod 0x00000256088ee290
Event: 33.385 loading class java/nio/channels/NonWritableChannelException
Event: 33.385 loading class java/nio/channels/NonWritableChannelException done
Event: 33.582 Thread 0x000002566bcf91d0 Thread exited: 0x000002566bcf91d0
Event: 33.672 Thread 0x000002566878b0b0 Thread exited: 0x000002566878b0b0


Dynamic libraries:
0x00007ff67dac0000 - 0x00007ff67dace000 	C:\Users\Nikhi\AppData\Local\Programs\Eclipse Adoptium\jdk-17.0.8.7-hotspot\bin\java.exe
0x00007ffd88d40000 - 0x00007ffd88fa5000 	C:\WINDOWS\SYSTEM32\ntdll.dll
0x00007ffd883e0000 - 0x00007ffd884a9000 	C:\WINDOWS\System32\KERNEL32.DLL
0x00007ffd85e90000 - 0x00007ffd86278000 	C:\WINDOWS\System32\KERNELBASE.dll
0x00007ffd80620000 - 0x00007ffd806be000 	C:\WINDOWS\SYSTEM32\apphelp.dll
0x00007ffd86350000 - 0x00007ffd8649b000 	C:\WINDOWS\System32\ucrtbase.dll
0x00007ffd6e040000 - 0x00007ffd6e059000 	C:\Users\Nikhi\AppData\Local\Programs\Eclipse Adoptium\jdk-17.0.8.7-hotspot\bin\VCRUNTIME140.dll
0x00007ffd6e820000 - 0x00007ffd6e837000 	C:\Users\Nikhi\AppData\Local\Programs\Eclipse Adoptium\jdk-17.0.8.7-hotspot\bin\jli.dll
0x00007ffd88080000 - 0x00007ffd8824a000 	C:\WINDOWS\System32\USER32.dll
0x00007ffd86280000 - 0x00007ffd862a7000 	C:\WINDOWS\System32\win32u.dll
0x00007ffd6aa80000 - 0x00007ffd6ad1a000 	C:\WINDOWS\WinSxS\amd64_microsoft.windows.common-controls_6595b64144ccf1df_6.0.26100.4202_none_3e0698d4e335f517\COMCTL32.dll
0x00007ffd88b90000 - 0x00007ffd88bbb000 	C:\WINDOWS\System32\GDI32.dll
0x00007ffd888e0000 - 0x00007ffd88989000 	C:\WINDOWS\System32\msvcrt.dll
0x00007ffd86820000 - 0x00007ffd86957000 	C:\WINDOWS\System32\gdi32full.dll
0x00007ffd86530000 - 0x00007ffd865d3000 	C:\WINDOWS\System32\msvcp_win.dll
0x00007ffd887a0000 - 0x00007ffd887d0000 	C:\WINDOWS\System32\IMM32.DLL
0x00007ffd6ea40000 - 0x00007ffd6ea4c000 	C:\Users\Nikhi\AppData\Local\Programs\Eclipse Adoptium\jdk-17.0.8.7-hotspot\bin\vcruntime140_1.dll
0x00007ffd442a0000 - 0x00007ffd44331000 	C:\Users\Nikhi\AppData\Local\Programs\Eclipse Adoptium\jdk-17.0.8.7-hotspot\bin\msvcp140.dll
0x00007ffd24010000 - 0x00007ffd24c5c000 	C:\Users\Nikhi\AppData\Local\Programs\Eclipse Adoptium\jdk-17.0.8.7-hotspot\bin\server\jvm.dll
0x00007ffd87e00000 - 0x00007ffd87eb3000 	C:\WINDOWS\System32\ADVAPI32.dll
0x00007ffd86f70000 - 0x00007ffd87016000 	C:\WINDOWS\System32\sechost.dll
0x00007ffd88510000 - 0x00007ffd88625000 	C:\WINDOWS\System32\RPCRT4.dll
0x00007ffd84a70000 - 0x00007ffd84ace000 	C:\WINDOWS\SYSTEM32\POWRPROF.dll
0x00007ffd75e80000 - 0x00007ffd75eb5000 	C:\WINDOWS\SYSTEM32\WINMM.dll
0x00007ffd63870000 - 0x00007ffd6387a000 	C:\WINDOWS\SYSTEM32\WSOCK32.dll
0x00007ffd88260000 - 0x00007ffd882d4000 	C:\WINDOWS\System32\WS2_32.dll
0x00007ffd7b750000 - 0x00007ffd7b75b000 	C:\WINDOWS\SYSTEM32\VERSION.dll
0x00007ffd84a50000 - 0x00007ffd84a64000 	C:\WINDOWS\SYSTEM32\UMPDC.dll
0x00007ffd84d40000 - 0x00007ffd84d5b000 	C:\WINDOWS\SYSTEM32\kernel.appcore.dll
0x00007ffd69a20000 - 0x00007ffd69a2a000 	C:\Users\Nikhi\AppData\Local\Programs\Eclipse Adoptium\jdk-17.0.8.7-hotspot\bin\jimage.dll
0x00007ffd837a0000 - 0x00007ffd839e1000 	C:\WINDOWS\SYSTEM32\DBGHELP.DLL
0x00007ffd87160000 - 0x00007ffd874e5000 	C:\WINDOWS\System32\combase.dll
0x00007ffd87020000 - 0x00007ffd87101000 	C:\WINDOWS\System32\OLEAUT32.dll
0x00007ffd4cb20000 - 0x00007ffd4cb59000 	C:\WINDOWS\SYSTEM32\dbgcore.DLL
0x00007ffd862b0000 - 0x00007ffd86349000 	C:\WINDOWS\System32\bcryptPrimitives.dll
0x00007ffd5ede0000 - 0x00007ffd5edee000 	C:\Users\Nikhi\AppData\Local\Programs\Eclipse Adoptium\jdk-17.0.8.7-hotspot\bin\instrument.dll
0x00007ffd687f0000 - 0x00007ffd68815000 	C:\Users\Nikhi\AppData\Local\Programs\Eclipse Adoptium\jdk-17.0.8.7-hotspot\bin\java.dll
0x00007ffd409a0000 - 0x00007ffd40a76000 	C:\Users\Nikhi\AppData\Local\Programs\Eclipse Adoptium\jdk-17.0.8.7-hotspot\bin\jsvml.dll
0x00007ffd875b0000 - 0x00007ffd87cf2000 	C:\WINDOWS\System32\SHELL32.dll
0x00007ffd865e0000 - 0x00007ffd86754000 	C:\WINDOWS\System32\wintypes.dll
0x00007ffd83ad0000 - 0x00007ffd84328000 	C:\WINDOWS\SYSTEM32\windows.storage.dll
0x00007ffd887e0000 - 0x00007ffd888d1000 	C:\WINDOWS\System32\SHCORE.dll
0x00007ffd874f0000 - 0x00007ffd8755a000 	C:\WINDOWS\System32\shlwapi.dll
0x00007ffd85da0000 - 0x00007ffd85dcf000 	C:\WINDOWS\SYSTEM32\profapi.dll
0x00007ffd60c60000 - 0x00007ffd60c78000 	C:\Users\Nikhi\AppData\Local\Programs\Eclipse Adoptium\jdk-17.0.8.7-hotspot\bin\zip.dll
0x00007ffd68750000 - 0x00007ffd68769000 	C:\Users\Nikhi\AppData\Local\Programs\Eclipse Adoptium\jdk-17.0.8.7-hotspot\bin\net.dll
0x00007ffd7cca0000 - 0x00007ffd7cdbe000 	C:\WINDOWS\SYSTEM32\WINHTTP.dll
0x00007ffd852c0000 - 0x00007ffd8532a000 	C:\WINDOWS\system32\mswsock.dll
0x00007ffd60ce0000 - 0x00007ffd60cf5000 	C:\Users\Nikhi\AppData\Local\Programs\Eclipse Adoptium\jdk-17.0.8.7-hotspot\bin\nio.dll
0x00007ffd699b0000 - 0x00007ffd699c0000 	C:\Users\Nikhi\AppData\Local\Programs\Eclipse Adoptium\jdk-17.0.8.7-hotspot\bin\verify.dll
0x00007ffd4a2a0000 - 0x00007ffd4a2c7000 	C:\Users\Nikhi\.gradle\native\c067742578af261105cb4f569cf0c3c89f3d7b1fecec35dd04571415982c5e48\windows-amd64\native-platform.dll
0x00007ffd0a590000 - 0x00007ffd0a6d4000 	C:\Users\Nikhi\.gradle\native\100fb08df4bc3b14c8652ba06237920a3bd2aa13389f12d3474272988ae205f9\windows-amd64\native-platform-file-events.dll
0x00007ffd687c0000 - 0x00007ffd687c9000 	C:\Users\Nikhi\AppData\Local\Programs\Eclipse Adoptium\jdk-17.0.8.7-hotspot\bin\management.dll
0x00007ffd60cd0000 - 0x00007ffd60cdb000 	C:\Users\Nikhi\AppData\Local\Programs\Eclipse Adoptium\jdk-17.0.8.7-hotspot\bin\management_ext.dll
0x00007ffd88250000 - 0x00007ffd88258000 	C:\WINDOWS\System32\PSAPI.DLL
0x00007ffd85590000 - 0x00007ffd855ab000 	C:\WINDOWS\SYSTEM32\CRYPTSP.dll
0x00007ffd84ca0000 - 0x00007ffd84cda000 	C:\WINDOWS\system32\rsaenh.dll
0x00007ffd85380000 - 0x00007ffd853ab000 	C:\WINDOWS\SYSTEM32\USERENV.dll
0x00007ffd85d70000 - 0x00007ffd85d96000 	C:\WINDOWS\SYSTEM32\bcrypt.dll
0x00007ffd855b0000 - 0x00007ffd855bc000 	C:\WINDOWS\SYSTEM32\CRYPTBASE.dll
0x00007ffd846b0000 - 0x00007ffd846e3000 	C:\WINDOWS\SYSTEM32\IPHLPAPI.DLL
0x00007ffd88b70000 - 0x00007ffd88b7a000 	C:\WINDOWS\System32\NSI.dll
0x00007ffd7ced0000 - 0x00007ffd7ceef000 	C:\WINDOWS\SYSTEM32\dhcpcsvc6.DLL
0x00007ffd7ce40000 - 0x00007ffd7ce65000 	C:\WINDOWS\SYSTEM32\dhcpcsvc.DLL
0x00007ffd846f0000 - 0x00007ffd84817000 	C:\WINDOWS\SYSTEM32\DNSAPI.dll
0x00007ffd5c1a0000 - 0x00007ffd5c1ae000 	C:\Users\Nikhi\AppData\Local\Programs\Eclipse Adoptium\jdk-17.0.8.7-hotspot\bin\sunmscapi.dll
0x00007ffd86960000 - 0x00007ffd86ad7000 	C:\WINDOWS\System32\CRYPT32.dll
0x00007ffd857b0000 - 0x00007ffd857e0000 	C:\WINDOWS\SYSTEM32\ncrypt.dll
0x00007ffd85760000 - 0x00007ffd8579f000 	C:\WINDOWS\SYSTEM32\NTASN1.dll
0x00007ffd7ff00000 - 0x00007ffd7ff08000 	C:\WINDOWS\system32\wshunix.dll

dbghelp: loaded successfully - version: 4.0.5 - missing functions: none
symbol engine: initialized successfully - sym options: 0x614 - pdb path: .;C:\Users\Nikhi\AppData\Local\Programs\Eclipse Adoptium\jdk-17.0.8.7-hotspot\bin;C:\WINDOWS\SYSTEM32;C:\WINDOWS\WinSxS\amd64_microsoft.windows.common-controls_6595b64144ccf1df_6.0.26100.4202_none_3e0698d4e335f517;C:\Users\Nikhi\AppData\Local\Programs\Eclipse Adoptium\jdk-17.0.8.7-hotspot\bin\server;C:\Users\Nikhi\.gradle\native\c067742578af261105cb4f569cf0c3c89f3d7b1fecec35dd04571415982c5e48\windows-amd64;C:\Users\Nikhi\.gradle\native\100fb08df4bc3b14c8652ba06237920a3bd2aa13389f12d3474272988ae205f9\windows-amd64

VM Arguments:
jvm_args: --add-opens=java.base/java.lang=ALL-UNNAMED --add-opens=java.base/java.lang.invoke=ALL-UNNAMED --add-opens=java.base/java.util=ALL-UNNAMED --add-opens=java.prefs/java.util.prefs=ALL-UNNAMED --add-exports=jdk.compiler/com.sun.tools.javac.api=ALL-UNNAMED --add-exports=jdk.compiler/com.sun.tools.javac.util=ALL-UNNAMED --add-opens=java.base/java.util=ALL-UNNAMED --add-opens=java.prefs/java.util.prefs=ALL-UNNAMED --add-opens=java.base/java.nio.charset=ALL-UNNAMED --add-opens=java.base/java.net=ALL-UNNAMED --add-opens=java.base/java.util.concurrent.atomic=ALL-UNNAMED --add-opens=java.xml/javax.xml.namespace=ALL-UNNAMED -Xmx4608m -Dfile.encoding=UTF-8 -Duser.country=IN -Duser.language=en -Duser.variant -javaagent:C:\Users\Nikhi\.gradle\wrapper\dists\gradle-8.11.1-bin\bpt9gzteqjrbo1mjrsomdt32c\gradle-8.11.1\lib\agents\gradle-instrumentation-agent-8.11.1.jar 
java_command: org.gradle.launcher.daemon.bootstrap.GradleDaemon 8.11.1
java_class_path (initial): C:\Users\Nikhi\.gradle\wrapper\dists\gradle-8.11.1-bin\bpt9gzteqjrbo1mjrsomdt32c\gradle-8.11.1\lib\gradle-daemon-main-8.11.1.jar
Launcher Type: SUN_STANDARD

[Global flags]
     intx CICompilerCount                          = 4                                         {product} {ergonomic}
     uint ConcGCThreads                            = 3                                         {product} {ergonomic}
     uint G1ConcRefinementThreads                  = 10                                        {product} {ergonomic}
   size_t G1HeapRegionSize                         = 4194304                                   {product} {ergonomic}
    uintx GCDrainStackTargetSize                   = 64                                        {product} {ergonomic}
   size_t InitialHeapSize                          = 264241152                                 {product} {ergonomic}
   size_t MarkStackSize                            = 4194304                                   {product} {ergonomic}
   size_t MaxHeapSize                              = 4831838208                                {product} {command line}
   size_t MaxNewSize                               = 2898264064                                {product} {ergonomic}
   size_t MinHeapDeltaBytes                        = 4194304                                   {product} {ergonomic}
   size_t MinHeapSize                              = 8388608                                   {product} {ergonomic}
    uintx NonNMethodCodeHeapSize                   = 5839372                                {pd product} {ergonomic}
    uintx NonProfiledCodeHeapSize                  = 122909434                              {pd product} {ergonomic}
    uintx ProfiledCodeHeapSize                     = 122909434                              {pd product} {ergonomic}
    uintx ReservedCodeCacheSize                    = 251658240                              {pd product} {ergonomic}
     bool SegmentedCodeCache                       = true                                      {product} {ergonomic}
   size_t SoftMaxHeapSize                          = 4831838208                             {manageable} {ergonomic}
     bool UseCompressedClassPointers               = true                           {product lp64_product} {ergonomic}
     bool UseCompressedOops                        = true                           {product lp64_product} {ergonomic}
     bool UseG1GC                                  = true                                      {product} {ergonomic}
     bool UseLargePagesIndividualAllocation        = false                                  {pd product} {ergonomic}

Logging:
Log output configuration:
 #0: stdout all=warning uptime,level,tags
 #1: stderr all=off uptime,level,tags

Environment Variables:
JAVA_HOME=C:\Users\Nikhi\AppData\Local\Programs\Eclipse Adoptium\jdk-17.0.8.7-hotspot\
PATH=c:\Users\Nikhi\AppData\Local\Programs\cursor\resources\app\bin;C:\Program Files\Microsoft\jdk-17.0.11.9-hotspot\bin;C:\Windows\system32;C:\Windows;C:\Windows\System32\Wbem;C:\Windows\System32\WindowsPowerShell\v1.0\;C:\Windows\System32\OpenSSH\;C:\Program Files (x86)\NVIDIA Corporation\PhysX\Common;C:\WINDOWS\system32;C:\WINDOWS;C:\WINDOWS\System32\Wbem;C:\WINDOWS\System32\WindowsPowerShell\v1.0\;C:\WINDOWS\System32\OpenSSH\;C:\Program Files\Cloudflare\Cloudflare WARP\;C:\Program Files\NVIDIA Corporation\NVIDIA NvDLISR;C:\Program Files\dotnet\;C:\Users\Nikhi\AppData\Local\Android\Sdk\tools;C:\Users\Nikhi\AppData\Local\Android\Sdk\platform-tools;C:\ProgramData\chocolatey\bin;C:\Program Files\nodejs\;C:\MinGW\bin;C:\Program Files\CMake\bin;C:\Program Files\Docker\Docker\resources\bin;C:\WINDOWS\system32;C:\WINDOWS;C:\WINDOWS\System32\Wbem;C:\WINDOWS\System32\WindowsPowerShell\v1.0\;C:\WINDOWS\System32\OpenSSH\;C:\Program Files (x86)\Liquid Studio\XmlDataBinder2;E:\Heroku\bin;C:\Program Files\Git\cmd;C:\Users\Nikhi\AppData\Local\Programs\Python\Python313\Scripts\;C:\Users\Nikhi\AppData\Local\Programs\Python\Python313\;C:\Users\Nikhi\AppData\Local\Programs\Eclipse Adoptium\jdk-17.0.8.7-hotspot\bin;C:\Users\Nikhi\AppData\Local\Microsoft\WindowsApps;E:\Microsoft VS Code\bin;E:\NodeJS;C:\Program Files\heroku\bin;C:\Users\Nikhi\AppData\Local\Android\Sdk\platform-tools;C:\tools\dart-sdk\bin;C:\Users\Nikhi\AppData\Local\Pub\Cache\bin;C:\Users\Nikhi\AppData\Local\Programs\Microsoft VS Code\bin;C:\Users\Nikhi\AppData\Roaming\npm;C:\Program Files\PostgreSQL\17\bin;E:\cursor\resources\app\bin
USERNAME=Nikhi
OS=Windows_NT
PROCESSOR_IDENTIFIER=Intel64 Family 6 Model 141 Stepping 1, GenuineIntel
TMP=C:\Users\Nikhi\AppData\Local\Temp
TEMP=C:\Users\Nikhi\AppData\Local\Temp



---------------  S Y S T E M  ---------------

OS:
 Windows 11 , 64 bit Build 26100 (10.0.26100.4202)
OS uptime: 4 days 22:11 hours
Hyper-V role detected

CPU: total 12 (initial active 12) (6 cores per cpu, 2 threads per core) family 6 model 141 stepping 1 microcode 0x34, cx8, cmov, fxsr, ht, mmx, 3dnowpref, sse, sse2, sse3, ssse3, sse4.1, sse4.2, popcnt, lzcnt, tsc, tscinvbit, avx, avx2, aes, erms, clmul, bmi1, bmi2, adx, avx512f, avx512dq, avx512cd, avx512bw, avx512vl, sha, fma, vzeroupper, avx512_vpopcntdq, avx512_vpclmulqdq, avx512_vaes, avx512_vnni, clflush, clflushopt, clwb, avx512_vbmi2, avx512_vbmi, hv
Processor Information for all 12 processors :
  Max Mhz: 2688, Current Mhz: 2588, Mhz Limit: 2688

Memory: 4k page, system-wide physical 16122M (1229M free)
TotalPageFile size 41967M (AvailPageFile size 1M)
current process WorkingSet (physical memory assigned to process): 387M, peak: 387M
current process commit charge ("private bytes"): 538M, peak: 654M

vm_info: OpenJDK 64-Bit Server VM (17.0.8+7) for windows-amd64 JRE (17.0.8+7), built on Jul 18 2023 21:02:32 by "admin" with MS VC++ 16.7 (VS2019)

END.
