#
# There is insufficient memory for the Java Runtime Environment to continue.
# Native memory allocation (malloc) failed to allocate 1048576 bytes. Error detail: AllocateHeap
# Possible reasons:
#   The system is out of physical RAM or swap space
#   This process is running with CompressedOops enabled, and the Java Heap may be blocking the growth of the native heap
# Possible solutions:
#   Reduce memory load on the system
#   Increase physical memory or swap space
#   Check if swap backing store is full
#   Decrease Java heap size (-Xmx/-Xms)
#   Decrease number of Java threads
#   Decrease Java thread stack sizes (-Xss)
#   Set larger code cache with -XX:ReservedCodeCacheSize=
#   JVM is running with Unscaled Compressed Oops mode in which the Java heap is
#     placed in the first 4GB address space. The Java Heap base address is the
#     maximum limit for the native heap growth. Please use -XX:HeapBaseMinAddress
#     to set the Java Heap base and to place the Java Heap above 4GB virtual address.
# This output file may be truncated or incomplete.
#
#  Out of Memory Error (allocation.cpp:44), pid=8728, tid=28596
#
# JRE version:  (21.0.7+6) (build )
# Java VM: OpenJDK 64-Bit Server VM (21.0.7+6-LTS, mixed mode, sharing, tiered, compressed oops, compressed class ptrs, parallel gc, windows-amd64)
# No core dump will be written. Minidumps are not enabled by default on client versions of Windows
#

---------------  S U M M A R Y ------------

Command Line: --add-modules=ALL-SYSTEM --add-opens=java.base/java.util=ALL-UNNAMED --add-opens=java.base/java.lang=ALL-UNNAMED --add-opens=java.base/sun.nio.fs=ALL-UNNAMED -Declipse.application=org.eclipse.jdt.ls.core.id1 -Dosgi.bundles.defaultStartLevel=4 -Declipse.product=org.eclipse.jdt.ls.core.product -Djava.import.generatesMetadataFilesAtProjectRoot=false -DDetectVMInstallationsJob.disabled=true -Dfile.encoding=utf8 -XX:+UseParallelGC -XX:GCTimeRatio=4 -XX:AdaptiveSizePolicyWeight=90 -Dsun.zip.disableMemoryMapping=true -Xmx1G -Xms100m -Xlog:disable -javaagent:c:\Users\Nikhi\.cursor\extensions\redhat.java-1.42.0-win32-x64\lombok\lombok-1.18.36.jar c:\Users\Nikhi\.cursor\extensions\redhat.java-1.42.0-win32-x64\server\plugins\org.eclipse.equinox.launcher_1.7.0.v20250424-1814.jar -configuration c:\Users\Nikhi\AppData\Roaming\Cursor\User\globalStorage\redhat.java\1.42.0\config_ss_win -data c:\Users\Nikhi\AppData\Roaming\Cursor\User\workspaceStorage\65cac152055a98686b2e9c64043e5389\redhat.java\ss_ws --pipe=\\.\pipe\lsp-fce425346abfd36fcee900a5874f50b2-sock

Host: 11th Gen Intel(R) Core(TM) i5-11400H @ 2.70GHz, 12 cores, 15G,  Windows 11 , 64 bit Build 26100 (10.0.26100.4202)
Time: Sun Jun 22 19:26:03 2025 India Standard Time elapsed time: 2.631532 seconds (0d 0h 0m 2s)

---------------  T H R E A D  ---------------

Current thread (0x000001fa10f5f640):  JavaThread "Unknown thread" [_thread_in_vm, id=28596, stack(0x000000459b700000,0x000000459b800000) (1024K)]

Stack: [0x000000459b700000,0x000000459b800000]
Native frames: (J=compiled Java code, j=interpreted, Vv=VM code, C=native code)
V  [jvm.dll+0x6ce119]
V  [jvm.dll+0x8a84a1]
V  [jvm.dll+0x8aa9ce]
V  [jvm.dll+0x8ab0b3]
V  [jvm.dll+0x27f8a6]
V  [jvm.dll+0xbfba7]
V  [jvm.dll+0x702260]
V  [jvm.dll+0x702dcc]
V  [jvm.dll+0x6dcc63]
V  [jvm.dll+0x871dbc]
V  [jvm.dll+0x3bc47c]
V  [jvm.dll+0x85a848]
V  [jvm.dll+0x45080e]
V  [jvm.dll+0x452451]
C  [jli.dll+0x5278]
C  [ucrtbase.dll+0x37b0]
C  [KERNEL32.DLL+0x2e8d7]
C  [ntdll.dll+0x3c34c]


---------------  P R O C E S S  ---------------

Threads class SMR info:
_java_thread_list=0x000001fa2521b4d0, length=1, elements={
0x000001fa10f5f640
}

Java Threads: ( => current thread )
=>0x000001fa10f5f640 JavaThread "Unknown thread"             [_thread_in_vm, id=28596, stack(0x000000459b700000,0x000000459b800000) (1024K)]
Total: 1

Other Threads:
  0x000001fa10fc4fb0 WatcherThread "VM Periodic Task Thread"        [id=1944, stack(0x000000459b900000,0x000000459ba00000) (1024K)]
  0x000001fa10f76ce0 WorkerThread "GC Thread#0"                     [id=11320, stack(0x000000459b800000,0x000000459b900000) (1024K)]
Total: 2

Threads with active compile tasks:
Total: 0

VM state: not at safepoint (normal execution)

VM Mutex/Monitor currently owned by a thread: None

Heap address: 0x00000000c0000000, size: 1024 MB, Compressed Oops mode: 32-bit

CDS archive(s) mapped at: [0x000001fa26000000-0x000001fa26ba0000-0x000001fa26ba0000), size 12189696, SharedBaseAddress: 0x000001fa26000000, ArchiveRelocationMode: 1.
Compressed class space mapped at: 0x000001fa27000000-0x000001fa67000000, reserved size: 1073741824
Narrow klass base: 0x000001fa26000000, Narrow klass shift: 0, Narrow klass range: 0x100000000

GC Precious Log:
 CardTable entry size: 512
 CPUs: 12 total, 12 available
 Memory: 16122M
 Large Page Support: Disabled
 NUMA Support: Disabled
 Compressed Oops: Enabled (32-bit)
 Alignments: Space 512K, Generation 512K, Heap 2M
 Heap Min Capacity: 100M
 Heap Initial Capacity: 100M
 Heap Max Capacity: 1G
 Pre-touch: Disabled
 Parallel Workers: 10

Heap:
 PSYoungGen      total 29696K, used 512K [0x00000000eab00000, 0x00000000ecc00000, 0x0000000100000000)
  eden space 25600K, 2% used [0x00000000eab00000,0x00000000eab80020,0x00000000ec400000)
  from space 4096K, 0% used [0x00000000ec800000,0x00000000ec800000,0x00000000ecc00000)
  to   space 4096K, 0% used [0x00000000ec400000,0x00000000ec400000,0x00000000ec800000)
 ParOldGen       total 68608K, used 0K [0x00000000c0000000, 0x00000000c4300000, 0x00000000eab00000)
  object space 68608K, 0% used [0x00000000c0000000,0x00000000c0000000,0x00000000c4300000)
 Metaspace       used 0K, committed 0K, reserved 1048576K
  class space    used 0K, committed 0K, reserved 1048576K

Card table byte_map: [0x000001fa108f0000,0x000001fa10b00000] _byte_map_base: 0x000001fa102f0000

Marking Bits: (ParMarkBitMap*) 0x00007ffd25d231f0
 Begin Bits: [0x000001fa23140000, 0x000001fa24140000)
 End Bits:   [0x000001fa24140000, 0x000001fa25140000)

Polling page: 0x000001fa0ed20000

Metaspace:

Usage:
  Non-class:      0 bytes used.
      Class:      0 bytes used.
       Both:      0 bytes used.

Virtual space:
  Non-class space:        0 bytes reserved,       0 bytes (  ?%) committed,  0 nodes.
      Class space:        1.00 GB reserved,       0 bytes (  0%) committed,  1 nodes.
             Both:        1.00 GB reserved,       0 bytes (  0%) committed. 

Chunk freelists:
   Non-Class:  0 bytes
       Class:  16.00 MB
        Both:  16.00 MB

MaxMetaspaceSize: unlimited
CompressedClassSpaceSize: 1.00 GB
Initial GC threshold: 21.00 MB
Current GC threshold: 17179869184.00 GB
CDS: on
 - commit_granule_bytes: 65536.
 - commit_granule_words: 8192.
 - virtual_space_node_default_size: 8388608.
 - enlarge_chunks_in_place: 1.
 - use_allocation_guard: 0.


Internal statistics:

num_allocs_failed_limit: 0.
num_arena_births: 0.
num_arena_deaths: 0.
num_vsnodes_births: 1.
num_vsnodes_deaths: 0.
num_space_committed: 0.
num_space_uncommitted: 0.
num_chunks_returned_to_freelist: 0.
num_chunks_taken_from_freelist: 1.
num_chunk_merges: 0.
num_chunk_splits: 1.
num_chunks_enlarged: 0.
num_inconsistent_stats: 0.

CodeHeap 'non-profiled nmethods': size=120000Kb used=0Kb max_used=0Kb free=120000Kb
 bounds [0x000001fa1bc10000, 0x000001fa1be80000, 0x000001fa23140000]
CodeHeap 'profiled nmethods': size=120000Kb used=0Kb max_used=0Kb free=120000Kb
 bounds [0x000001fa14140000, 0x000001fa143b0000, 0x000001fa1b670000]
CodeHeap 'non-nmethods': size=5760Kb used=199Kb max_used=348Kb free=5560Kb
 bounds [0x000001fa1b670000, 0x000001fa1b8e0000, 0x000001fa1bc10000]
 total_blobs=70 nmethods=0 adapters=48
 compilation: enabled
              stopped_count=0, restarted_count=0
 full_count=0

Compilation events (0 events):
No events

GC Heap History (0 events):
No events

Dll operation events (1 events):
Event: 0.020 Loaded shared library c:\Users\Nikhi\.cursor\extensions\redhat.java-1.42.0-win32-x64\jre\21.0.7-win32-x86_64\bin\java.dll

Deoptimization events (0 events):
No events

Classes loaded (0 events):
No events

Classes unloaded (0 events):
No events

Classes redefined (0 events):
No events

Internal exceptions (0 events):
No events

ZGC Phase Switch (0 events):
No events

VM Operations (0 events):
No events

Memory protections (0 events):
No events

Nmethod flushes (0 events):
No events

Events (1 events):
Event: 1.610 Thread 0x000001fa10f5f640 Thread added: 0x000001fa10f5f640


Dynamic libraries:
0x00007ff77f130000 - 0x00007ff77f13e000 	c:\Users\Nikhi\.cursor\extensions\redhat.java-1.42.0-win32-x64\jre\21.0.7-win32-x86_64\bin\java.exe
0x00007ffd88d40000 - 0x00007ffd88fa5000 	C:\WINDOWS\SYSTEM32\ntdll.dll
0x00007ffd883e0000 - 0x00007ffd884a9000 	C:\WINDOWS\System32\KERNEL32.DLL
0x00007ffd85e90000 - 0x00007ffd86278000 	C:\WINDOWS\System32\KERNELBASE.dll
0x00007ffd80620000 - 0x00007ffd806be000 	C:\WINDOWS\SYSTEM32\apphelp.dll
0x00007ffd86350000 - 0x00007ffd8649b000 	C:\WINDOWS\System32\ucrtbase.dll
0x00007ffd790f0000 - 0x00007ffd79108000 	c:\Users\Nikhi\.cursor\extensions\redhat.java-1.42.0-win32-x64\jre\21.0.7-win32-x86_64\bin\jli.dll
0x00007ffd7a4e0000 - 0x00007ffd7a4fe000 	c:\Users\Nikhi\.cursor\extensions\redhat.java-1.42.0-win32-x64\jre\21.0.7-win32-x86_64\bin\VCRUNTIME140.dll
0x00007ffd88080000 - 0x00007ffd8824a000 	C:\WINDOWS\System32\USER32.dll
0x00007ffd86280000 - 0x00007ffd862a7000 	C:\WINDOWS\System32\win32u.dll
0x00007ffd6aa80000 - 0x00007ffd6ad1a000 	C:\WINDOWS\WinSxS\amd64_microsoft.windows.common-controls_6595b64144ccf1df_6.0.26100.4202_none_3e0698d4e335f517\COMCTL32.dll
0x00007ffd88b90000 - 0x00007ffd88bbb000 	C:\WINDOWS\System32\GDI32.dll
0x00007ffd888e0000 - 0x00007ffd88989000 	C:\WINDOWS\System32\msvcrt.dll
0x00007ffd86820000 - 0x00007ffd86957000 	C:\WINDOWS\System32\gdi32full.dll
0x00007ffd86530000 - 0x00007ffd865d3000 	C:\WINDOWS\System32\msvcp_win.dll
0x00007ffd887a0000 - 0x00007ffd887d0000 	C:\WINDOWS\System32\IMM32.DLL
0x00007ffd7af60000 - 0x00007ffd7af6c000 	c:\Users\Nikhi\.cursor\extensions\redhat.java-1.42.0-win32-x64\jre\21.0.7-win32-x86_64\bin\vcruntime140_1.dll
0x00007ffd5ba40000 - 0x00007ffd5bacd000 	c:\Users\Nikhi\.cursor\extensions\redhat.java-1.42.0-win32-x64\jre\21.0.7-win32-x86_64\bin\msvcp140.dll
0x00007ffd25070000 - 0x00007ffd25e00000 	c:\Users\Nikhi\.cursor\extensions\redhat.java-1.42.0-win32-x64\jre\21.0.7-win32-x86_64\bin\server\jvm.dll
0x00007ffd87e00000 - 0x00007ffd87eb3000 	C:\WINDOWS\System32\ADVAPI32.dll
0x00007ffd86f70000 - 0x00007ffd87016000 	C:\WINDOWS\System32\sechost.dll
0x00007ffd88510000 - 0x00007ffd88625000 	C:\WINDOWS\System32\RPCRT4.dll
0x00007ffd88260000 - 0x00007ffd882d4000 	C:\WINDOWS\System32\WS2_32.dll
0x00007ffd84a70000 - 0x00007ffd84ace000 	C:\WINDOWS\SYSTEM32\POWRPROF.dll
0x00007ffd75e80000 - 0x00007ffd75eb5000 	C:\WINDOWS\SYSTEM32\WINMM.dll
0x00007ffd7b750000 - 0x00007ffd7b75b000 	C:\WINDOWS\SYSTEM32\VERSION.dll
0x00007ffd84a50000 - 0x00007ffd84a64000 	C:\WINDOWS\SYSTEM32\UMPDC.dll
0x00007ffd84d40000 - 0x00007ffd84d5b000 	C:\WINDOWS\SYSTEM32\kernel.appcore.dll
0x00007ffd7ac30000 - 0x00007ffd7ac3a000 	c:\Users\Nikhi\.cursor\extensions\redhat.java-1.42.0-win32-x64\jre\21.0.7-win32-x86_64\bin\jimage.dll
0x00007ffd837a0000 - 0x00007ffd839e1000 	C:\WINDOWS\SYSTEM32\DBGHELP.DLL
0x00007ffd87160000 - 0x00007ffd874e5000 	C:\WINDOWS\System32\combase.dll
0x00007ffd87020000 - 0x00007ffd87101000 	C:\WINDOWS\System32\OLEAUT32.dll
0x00007ffd4cb20000 - 0x00007ffd4cb59000 	C:\WINDOWS\SYSTEM32\dbgcore.DLL
0x00007ffd862b0000 - 0x00007ffd86349000 	C:\WINDOWS\System32\bcryptPrimitives.dll
0x00007ffd79090000 - 0x00007ffd7909f000 	c:\Users\Nikhi\.cursor\extensions\redhat.java-1.42.0-win32-x64\jre\21.0.7-win32-x86_64\bin\instrument.dll
0x00007ffd75cd0000 - 0x00007ffd75cef000 	c:\Users\Nikhi\.cursor\extensions\redhat.java-1.42.0-win32-x64\jre\21.0.7-win32-x86_64\bin\java.dll

dbghelp: loaded successfully - version: 4.0.5 - missing functions: none
symbol engine: initialized successfully - sym options: 0x614 - pdb path: .;c:\Users\Nikhi\.cursor\extensions\redhat.java-1.42.0-win32-x64\jre\21.0.7-win32-x86_64\bin;C:\WINDOWS\SYSTEM32;C:\WINDOWS\WinSxS\amd64_microsoft.windows.common-controls_6595b64144ccf1df_6.0.26100.4202_none_3e0698d4e335f517;c:\Users\Nikhi\.cursor\extensions\redhat.java-1.42.0-win32-x64\jre\21.0.7-win32-x86_64\bin\server

VM Arguments:
jvm_args: --add-modules=ALL-SYSTEM --add-opens=java.base/java.util=ALL-UNNAMED --add-opens=java.base/java.lang=ALL-UNNAMED --add-opens=java.base/sun.nio.fs=ALL-UNNAMED -Declipse.application=org.eclipse.jdt.ls.core.id1 -Dosgi.bundles.defaultStartLevel=4 -Declipse.product=org.eclipse.jdt.ls.core.product -Djava.import.generatesMetadataFilesAtProjectRoot=false -DDetectVMInstallationsJob.disabled=true -Dfile.encoding=utf8 -XX:+UseParallelGC -XX:GCTimeRatio=4 -XX:AdaptiveSizePolicyWeight=90 -Dsun.zip.disableMemoryMapping=true -Xmx1G -Xms100m -Xlog:disable -javaagent:c:\Users\Nikhi\.cursor\extensions\redhat.java-1.42.0-win32-x64\lombok\lombok-1.18.36.jar 
java_command: c:\Users\Nikhi\.cursor\extensions\redhat.java-1.42.0-win32-x64\server\plugins\org.eclipse.equinox.launcher_1.7.0.v20250424-1814.jar -configuration c:\Users\Nikhi\AppData\Roaming\Cursor\User\globalStorage\redhat.java\1.42.0\config_ss_win -data c:\Users\Nikhi\AppData\Roaming\Cursor\User\workspaceStorage\65cac152055a98686b2e9c64043e5389\redhat.java\ss_ws --pipe=\\.\pipe\lsp-fce425346abfd36fcee900a5874f50b2-sock
java_class_path (initial): c:\Users\Nikhi\.cursor\extensions\redhat.java-1.42.0-win32-x64\server\plugins\org.eclipse.equinox.launcher_1.7.0.v20250424-1814.jar
Launcher Type: SUN_STANDARD

[Global flags]
    uintx AdaptiveSizePolicyWeight                 = 90                                        {product} {command line}
     intx CICompilerCount                          = 4                                         {product} {ergonomic}
    uintx GCTimeRatio                              = 4                                         {product} {command line}
   size_t InitialHeapSize                          = 104857600                                 {product} {command line}
   size_t MaxHeapSize                              = 1073741824                                {product} {command line}
   size_t MaxNewSize                               = 357564416                                 {product} {ergonomic}
   size_t MinHeapDeltaBytes                        = 524288                                    {product} {ergonomic}
   size_t MinHeapSize                              = 104857600                                 {product} {command line}
   size_t NewSize                                  = 34603008                                  {product} {ergonomic}
    uintx NonNMethodCodeHeapSize                   = 5839372                                {pd product} {ergonomic}
    uintx NonProfiledCodeHeapSize                  = 122909434                              {pd product} {ergonomic}
   size_t OldSize                                  = 70254592                                  {product} {ergonomic}
    uintx ProfiledCodeHeapSize                     = 122909434                              {pd product} {ergonomic}
    uintx ReservedCodeCacheSize                    = 251658240                              {pd product} {ergonomic}
     bool SegmentedCodeCache                       = true                                      {product} {ergonomic}
   size_t SoftMaxHeapSize                          = 1073741824                             {manageable} {ergonomic}
     bool UseCompressedOops                        = true                           {product lp64_product} {ergonomic}
     bool UseLargePagesIndividualAllocation        = false                                  {pd product} {ergonomic}
     bool UseParallelGC                            = true                                      {product} {command line}

Logging:
Log output configuration:
 #0: stdout all=off uptime,level,tags foldmultilines=false
 #1: stderr all=off uptime,level,tags foldmultilines=false

Environment Variables:
JAVA_HOME=C:\Users\Nikhi\AppData\Local\Programs\Eclipse Adoptium\jdk-17.0.8.7-hotspot\
PATH=c:\Users\Nikhi\AppData\Local\Programs\cursor\resources\app\bin;C:\Program Files\Microsoft\jdk-17.0.11.9-hotspot\bin;C:\Windows\system32;C:\Windows;C:\Windows\System32\Wbem;C:\Windows\System32\WindowsPowerShell\v1.0\;C:\Windows\System32\OpenSSH\;C:\Program Files (x86)\NVIDIA Corporation\PhysX\Common;C:\WINDOWS\system32;C:\WINDOWS;C:\WINDOWS\System32\Wbem;C:\WINDOWS\System32\WindowsPowerShell\v1.0\;C:\WINDOWS\System32\OpenSSH\;C:\Program Files\Cloudflare\Cloudflare WARP\;C:\Program Files\NVIDIA Corporation\NVIDIA NvDLISR;C:\Program Files\dotnet\;C:\Users\Nikhi\AppData\Local\Android\Sdk\tools;C:\Users\Nikhi\AppData\Local\Android\Sdk\platform-tools;C:\ProgramData\chocolatey\bin;C:\Program Files\nodejs\;C:\MinGW\bin;C:\Program Files\CMake\bin;C:\Program Files\Docker\Docker\resources\bin;C:\WINDOWS\system32;C:\WINDOWS;C:\WINDOWS\System32\Wbem;C:\WINDOWS\System32\WindowsPowerShell\v1.0\;C:\WINDOWS\System32\OpenSSH\;C:\Program Files (x86)\Liquid Studio\XmlDataBinder2;E:\Heroku\bin;C:\Program Files\Git\cmd;C:\Users\Nikhi\AppData\Local\Programs\Python\Python313\Scripts\;C:\Users\Nikhi\AppData\Local\Programs\Python\Python313\;C:\Users\Nikhi\AppData\Local\Programs\Eclipse Adoptium\jdk-17.0.8.7-hotspot\bin;C:\Users\Nikhi\AppData\Local\Microsoft\WindowsApps;E:\Microsoft VS Code\bin;E:\NodeJS;C:\Program Files\heroku\bin;C:\Users\Nikhi\AppData\Local\Android\Sdk\platform-tools;C:\tools\dart-sdk\bin;C:\Users\Nikhi\AppData\Local\Pub\Cache\bin;C:\Users\Nikhi\AppData\Local\Programs\Microsoft VS Code\bin;C:\Users\Nikhi\AppData\Roaming\npm;C:\Program Files\PostgreSQL\17\bin;E:\cursor\resources\app\bin
USERNAME=Nikhi
OS=Windows_NT
PROCESSOR_IDENTIFIER=Intel64 Family 6 Model 141 Stepping 1, GenuineIntel
TMP=C:\Users\Nikhi\AppData\Local\Temp
TEMP=C:\Users\Nikhi\AppData\Local\Temp




Periodic native trim disabled

---------------  S Y S T E M  ---------------

OS:
 Windows 11 , 64 bit Build 26100 (10.0.26100.4202)
OS uptime: 4 days 22:01 hours
Hyper-V role detected

CPU: total 12 (initial active 12) (6 cores per cpu, 2 threads per core) family 6 model 141 stepping 1 microcode 0x34, cx8, cmov, fxsr, ht, mmx, 3dnowpref, sse, sse2, sse3, ssse3, sse4.1, sse4.2, popcnt, lzcnt, tsc, tscinvbit, avx, avx2, aes, erms, clmul, bmi1, bmi2, adx, avx512f, avx512dq, avx512cd, avx512bw, avx512vl, sha, fma, vzeroupper, avx512_vpopcntdq, avx512_vpclmulqdq, avx512_vaes, avx512_vnni, clflush, clflushopt, clwb, avx512_vbmi2, avx512_vbmi, hv, rdtscp, rdpid, fsrm, gfni, avx512_bitalg, f16c, cet_ibt, cet_ss, avx512_ifma
Processor Information for the first 12 processors :
  Max Mhz: 2688, Current Mhz: 2588, Mhz Limit: 2688

Memory: 4k page, system-wide physical 16122M (1159M free)
TotalPageFile size 41967M (AvailPageFile size 8M)
current process WorkingSet (physical memory assigned to process): 26M, peak: 26M
current process commit charge ("private bytes"): 160M, peak: 160M

vm_info: OpenJDK 64-Bit Server VM (21.0.7+6-LTS) for windows-amd64 JRE (21.0.7+6-LTS), built on 2025-04-15T00:00:00Z by "admin" with MS VC++ 17.7 (VS2022)

END.
